This file contains any messages produced by compilers while
running configure, to aid debugging if configure makes a mistake.

It was created by mklibs configure 0.1.32, which was
generated by GNU Autoconf 2.67.  Invocation command line was

  $ ./configure CC=gcc CFLAGS=-O2 -I/home/tp-link-hm/work/ipf_plm/ipv6_three_moed_merge/iplatform/board/model_mtk_mt76xx/gplcode/staging_dir/host/include -I/home/tp-link-hm/work/ipf_plm/ipv6_three_moed_merge/iplatform/board/model_mtk_mt76xx/gplcode/tools/mklibs/include CPPFLAGS=-I/home/tp-link-hm/work/ipf_plm/ipv6_three_moed_merge/iplatform/board/model_mtk_mt76xx/gplcode/staging_dir/host/include LDFLAGS=-L/home/tp-link-hm/work/ipf_plm/ipv6_three_moed_merge/iplatform/board/model_mtk_mt76xx/gplcode/staging_dir/host/lib  SHELL=/bin/bash --target=i686-linux-gnu --host=i686-linux-gnu --build=i686-linux-gnu --program-prefix= --program-suffix= --prefix=/home/tp-link-hm/work/ipf_plm/ipv6_three_moed_merge/iplatform/board/model_mtk_mt76xx/gplcode/staging_dir/host --exec-prefix=/home/tp-link-hm/work/ipf_plm/ipv6_three_moed_merge/iplatform/board/model_mtk_mt76xx/gplcode/staging_dir/host --sysconfdir=/home/tp-link-hm/work/ipf_plm/ipv6_three_moed_merge/iplatform/board/model_mtk_mt76xx/gplcode/staging_dir/host/etc --localstatedir=/home/tp-link-hm/work/ipf_plm/ipv6_three_moed_merge/iplatform/board/model_mtk_mt76xx/gplcode/staging_dir/host/var --sbindir=/home/tp-link-hm/work/ipf_plm/ipv6_three_moed_merge/iplatform/board/model_mtk_mt76xx/gplcode/staging_dir/host/bin

## --------- ##
## Platform. ##
## --------- ##

hostname = tplink-hm
uname -m = i686
uname -r = 3.2.0-105-generic-pae
uname -s = Linux
uname -v = #146-Ubuntu SMP Fri Jun 10 20:58:31 UTC 2016

/usr/bin/uname -p = unknown
/bin/uname -X     = unknown

/bin/arch              = i686
/usr/bin/arch -k       = unknown
/usr/convex/getsysinfo = unknown
/usr/bin/hostinfo      = unknown
/bin/machine           = unknown
/usr/bin/oslevel       = unknown
/bin/universe          = unknown

PATH: /home/tp-link-hm/work/ipf_plm/ipv6_three_moed_merge/iplatform/board/model_mtk_mt76xx/gplcode/staging_dir/toolchain-mipsel-openwrt-linux-uclibc/bin
PATH: /home/tp-link-hm/work/ipf_plm/ipv6_three_moed_merge/iplatform/board/model_mtk_mt76xx/gplcode/staging_dir/host/bin
PATH: /home/tp-link-hm/work/ipf_plm/ipv6_three_moed_merge/iplatform/board/model_mtk_mt76xx/gplcode/staging_dir/toolchain-mipsel-openwrt-linux-uclibc/bin
PATH: /home/tp-link-hm/work/ipf_plm/ipv6_three_moed_merge/iplatform/board/model_mtk_mt76xx/gplcode/staging_dir/host/bin
PATH: /home/tp-link-hm/work/ipf_plm/ipv6_three_moed_merge/iplatform/board/model_mtk_mt76xx/gplcode/staging_dir/toolchain-mipsel-openwrt-linux-uclibc/bin
PATH: /home/tp-link-hm/work/ipf_plm/ipv6_three_moed_merge/iplatform/board/model_mtk_mt76xx/gplcode/staging_dir/host/bin
PATH: /usr/local/sbin
PATH: /usr/local/bin
PATH: /usr/sbin
PATH: /usr/bin
PATH: /sbin
PATH: /bin
PATH: /usr/games
PATH: /home/tp-link-hm/work/ipf_plm/ipv6_three_moed_merge/iplatform/board/model_mtk_mt76xx/gplcode/./toolchain/buildroot-gcc463/usr/bin
PATH: /home/tp-link-hm/work/ipf_plm/ipv6_three_moed_merge/iplatform/board/model_mtk_mt76xx/gplcode/./toolchain/buildroot-gcc463/usr/bin
PATH: /home/tp-link-hm/work/ipf_plm/ipv6_three_moed_merge/iplatform/board/model_mtk_mt76xx/gplcode/./toolchain/buildroot-gcc463/usr/bin


## ----------- ##
## Core tests. ##
## ----------- ##

configure:1816: checking for a BSD-compatible install
configure:1884: result: /usr/bin/install -c
configure:1895: checking whether build environment is sane
configure:1945: result: yes
configure:2086: checking for a thread-safe mkdir -p
configure:2125: result: /bin/mkdir -p
configure:2138: checking for gawk
configure:2154: found /usr/bin/gawk
configure:2165: result: gawk
configure:2176: checking whether make sets $(MAKE)
configure:2198: result: yes
configure:2272: checking whether to enable maintainer-specific portions of Makefiles
configure:2281: result: no
configure:2299: checking build system type
configure:2313: result: i686-pc-linux-gnu
configure:2333: checking host system type
configure:2346: result: i686-pc-linux-gnu
configure:2366: checking target system type
configure:2379: result: i686-pc-linux-gnu
configure:2420: checking for i686-linux-gnu-g++
configure:2436: found /usr/bin/i686-linux-gnu-g++
configure:2447: result: i686-linux-gnu-g++
configure:2518: checking for C++ compiler version
configure:2527: i686-linux-gnu-g++ --version >&5
i686-linux-gnu-g++ (Ubuntu/Linaro 4.6.3-1ubuntu5) 4.6.3
Copyright (C) 2011 Free Software Foundation, Inc.
This is free software; see the source for copying conditions.  There is NO
warranty; not even for MERCHANTABILITY or FITNESS FOR A PARTICULAR PURPOSE.

configure:2538: $? = 0
configure:2527: i686-linux-gnu-g++ -v >&5
Using built-in specs.
COLLECT_GCC=i686-linux-gnu-g++
COLLECT_LTO_WRAPPER=/usr/lib/gcc/i686-linux-gnu/4.6/lto-wrapper
Target: i686-linux-gnu
Configured with: ../src/configure -v --with-pkgversion='Ubuntu/Linaro 4.6.3-1ubuntu5' --with-bugurl=file:///usr/share/doc/gcc-4.6/README.Bugs --enable-languages=c,c++,fortran,objc,obj-c++ --prefix=/usr --program-suffix=-4.6 --enable-shared --enable-linker-build-id --with-system-zlib --libexecdir=/usr/lib --without-included-gettext --enable-threads=posix --with-gxx-include-dir=/usr/include/c++/4.6 --libdir=/usr/lib --enable-nls --with-sysroot=/ --enable-clocale=gnu --enable-libstdcxx-debug --enable-libstdcxx-time=yes --enable-gnu-unique-object --enable-plugin --enable-objc-gc --enable-targets=all --disable-werror --with-arch-32=i686 --with-tune=generic --enable-checking=release --build=i686-linux-gnu --host=i686-linux-gnu --target=i686-linux-gnu
Thread model: posix
gcc version 4.6.3 (Ubuntu/Linaro 4.6.3-1ubuntu5) 
configure:2538: $? = 0
configure:2527: i686-linux-gnu-g++ -V >&5
i686-linux-gnu-g++: error: unrecognized option '-V'
i686-linux-gnu-g++: fatal error: no input files
compilation terminated.
configure:2538: $? = 4
configure:2527: i686-linux-gnu-g++ -qversion >&5
i686-linux-gnu-g++: error: unrecognized option '-qversion'
i686-linux-gnu-g++: fatal error: no input files
compilation terminated.
configure:2538: $? = 4
configure:2558: checking whether the C++ compiler works
configure:2580: i686-linux-gnu-g++  -I/home/tp-link-hm/work/ipf_plm/ipv6_three_moed_merge/iplatform/board/model_mtk_mt76xx/gplcode/staging_dir/host/include -L/home/tp-link-hm/work/ipf_plm/ipv6_three_moed_merge/iplatform/board/model_mtk_mt76xx/gplcode/staging_dir/host/lib  conftest.cpp  >&5
configure:2584: $? = 0
configure:2632: result: yes
configure:2635: checking for C++ compiler default output file name
configure:2637: result: a.out
configure:2643: checking for suffix of executables
configure:2650: i686-linux-gnu-g++ -o conftest  -I/home/tp-link-hm/work/ipf_plm/ipv6_three_moed_merge/iplatform/board/model_mtk_mt76xx/gplcode/staging_dir/host/include -L/home/tp-link-hm/work/ipf_plm/ipv6_three_moed_merge/iplatform/board/model_mtk_mt76xx/gplcode/staging_dir/host/lib  conftest.cpp  >&5
configure:2654: $? = 0
configure:2676: result: 
configure:2698: checking whether we are cross compiling
configure:2706: i686-linux-gnu-g++ -o conftest  -I/home/tp-link-hm/work/ipf_plm/ipv6_three_moed_merge/iplatform/board/model_mtk_mt76xx/gplcode/staging_dir/host/include -L/home/tp-link-hm/work/ipf_plm/ipv6_three_moed_merge/iplatform/board/model_mtk_mt76xx/gplcode/staging_dir/host/lib  conftest.cpp  >&5
configure:2710: $? = 0
configure:2717: ./conftest
configure:2721: $? = 0
configure:2736: result: no
configure:2741: checking for suffix of object files
configure:2763: i686-linux-gnu-g++ -c  -I/home/tp-link-hm/work/ipf_plm/ipv6_three_moed_merge/iplatform/board/model_mtk_mt76xx/gplcode/staging_dir/host/include conftest.cpp >&5
configure:2767: $? = 0
configure:2788: result: o
configure:2792: checking whether we are using the GNU C++ compiler
configure:2811: i686-linux-gnu-g++ -c  -I/home/tp-link-hm/work/ipf_plm/ipv6_three_moed_merge/iplatform/board/model_mtk_mt76xx/gplcode/staging_dir/host/include conftest.cpp >&5
configure:2811: $? = 0
configure:2820: result: yes
configure:2829: checking whether i686-linux-gnu-g++ accepts -g
configure:2849: i686-linux-gnu-g++ -c -g -I/home/tp-link-hm/work/ipf_plm/ipv6_three_moed_merge/iplatform/board/model_mtk_mt76xx/gplcode/staging_dir/host/include conftest.cpp >&5
configure:2849: $? = 0
configure:2890: result: yes
configure:2924: checking for style of include used by make
configure:2952: result: GNU
configure:2977: checking dependency style of i686-linux-gnu-g++
configure:3087: result: gcc3
configure:3229: creating ./config.status

## ---------------------- ##
## Running config.status. ##
## ---------------------- ##

This file was extended by mklibs config.status 0.1.32, which was
generated by GNU Autoconf 2.67.  Invocation command line was

  CONFIG_FILES    = 
  CONFIG_HEADERS  = 
  CONFIG_LINKS    = 
  CONFIG_COMMANDS = 
  $ ./config.status 

on tplink-hm

config.status:866: creating Makefile
config.status:866: creating lib/Makefile
config.status:866: creating lib/mklibs/Makefile
config.status:866: creating lib/mklibs/utils/Makefile
config.status:866: creating src/Makefile
config.status:866: creating src/mklibs-readelf/Makefile
config.status:866: creating config.h
config.status:1094: executing depfiles commands

## ---------------- ##
## Cache variables. ##
## ---------------- ##

ac_cv_build=i686-pc-linux-gnu
ac_cv_cxx_compiler_gnu=yes
ac_cv_env_CCC_set=
ac_cv_env_CCC_value=
ac_cv_env_CPPFLAGS_set=set
ac_cv_env_CPPFLAGS_value=-I/home/tp-link-hm/work/ipf_plm/ipv6_three_moed_merge/iplatform/board/model_mtk_mt76xx/gplcode/staging_dir/host/include
ac_cv_env_CXXFLAGS_set=
ac_cv_env_CXXFLAGS_value=
ac_cv_env_CXX_set=
ac_cv_env_CXX_value=
ac_cv_env_LDFLAGS_set=set
ac_cv_env_LDFLAGS_value='-L/home/tp-link-hm/work/ipf_plm/ipv6_three_moed_merge/iplatform/board/model_mtk_mt76xx/gplcode/staging_dir/host/lib '
ac_cv_env_LIBS_set=
ac_cv_env_LIBS_value=
ac_cv_env_build_alias_set=set
ac_cv_env_build_alias_value=i686-linux-gnu
ac_cv_env_host_alias_set=set
ac_cv_env_host_alias_value=i686-linux-gnu
ac_cv_env_target_alias_set=set
ac_cv_env_target_alias_value=i686-linux-gnu
ac_cv_host=i686-pc-linux-gnu
ac_cv_objext=o
ac_cv_path_install='/usr/bin/install -c'
ac_cv_path_mkdir=/bin/mkdir
ac_cv_prog_AWK=gawk
ac_cv_prog_CXX=i686-linux-gnu-g++
ac_cv_prog_cxx_g=yes
ac_cv_prog_make_make_set=yes
ac_cv_target=i686-pc-linux-gnu
am_cv_CXX_dependencies_compiler_type=gcc3

## ----------------- ##
## Output variables. ##
## ----------------- ##

ACLOCAL='${SHELL} /home/tp-link-hm/work/ipf_plm/ipv6_three_moed_merge/iplatform/board/model_mtk_mt76xx/gplcode/build_dir/host/mklibs-0.1.34/missing --run aclocal-1.11'
AMDEPBACKSLASH='\'
AMDEP_FALSE='#'
AMDEP_TRUE=''
AMTAR='${SHELL} /home/tp-link-hm/work/ipf_plm/ipv6_three_moed_merge/iplatform/board/model_mtk_mt76xx/gplcode/build_dir/host/mklibs-0.1.34/missing --run tar'
AUTOCONF='${SHELL} /home/tp-link-hm/work/ipf_plm/ipv6_three_moed_merge/iplatform/board/model_mtk_mt76xx/gplcode/build_dir/host/mklibs-0.1.34/missing --run autoconf'
AUTOHEADER='${SHELL} /home/tp-link-hm/work/ipf_plm/ipv6_three_moed_merge/iplatform/board/model_mtk_mt76xx/gplcode/build_dir/host/mklibs-0.1.34/missing --run autoheader'
AUTOMAKE='${SHELL} /home/tp-link-hm/work/ipf_plm/ipv6_three_moed_merge/iplatform/board/model_mtk_mt76xx/gplcode/build_dir/host/mklibs-0.1.34/missing --run automake-1.11'
AWK='gawk'
CPPFLAGS='-I/home/tp-link-hm/work/ipf_plm/ipv6_three_moed_merge/iplatform/board/model_mtk_mt76xx/gplcode/staging_dir/host/include'
CXX='i686-linux-gnu-g++'
CXXDEPMODE='depmode=gcc3'
CXXFLAGS='-g -O2'
CYGPATH_W='echo'
DEFS='-DHAVE_CONFIG_H'
DEPDIR='.deps'
ECHO_C=''
ECHO_N='-n'
ECHO_T=''
EXEEXT=''
INSTALL_DATA='${INSTALL} -m 644'
INSTALL_PROGRAM='${INSTALL}'
INSTALL_SCRIPT='${INSTALL}'
INSTALL_STRIP_PROGRAM='$(install_sh) -c -s'
LDFLAGS='-L/home/tp-link-hm/work/ipf_plm/ipv6_three_moed_merge/iplatform/board/model_mtk_mt76xx/gplcode/staging_dir/host/lib '
LIBOBJS=''
LIBS=''
LTLIBOBJS=''
MAINT='#'
MAINTAINER_MODE_FALSE=''
MAINTAINER_MODE_TRUE='#'
MAKEINFO='${SHELL} /home/tp-link-hm/work/ipf_plm/ipv6_three_moed_merge/iplatform/board/model_mtk_mt76xx/gplcode/build_dir/host/mklibs-0.1.34/missing --run makeinfo'
MKDIR_P='/bin/mkdir -p'
OBJEXT='o'
PACKAGE='mklibs'
PACKAGE_BUGREPORT=''
PACKAGE_NAME='mklibs'
PACKAGE_STRING='mklibs 0.1.32'
PACKAGE_TARNAME='mklibs'
PACKAGE_URL=''
PACKAGE_VERSION='0.1.32'
PATH_SEPARATOR=':'
SET_MAKE=''
SHELL='/bin/bash'
STRIP=''
VERSION='0.1.32'
ac_ct_CXX=''
am__EXEEXT_FALSE=''
am__EXEEXT_TRUE='#'
am__fastdepCXX_FALSE='#'
am__fastdepCXX_TRUE=''
am__include='include'
am__isrc=''
am__leading_dot='.'
am__quote=''
am__tar='${AMTAR} chof - "$$tardir"'
am__untar='${AMTAR} xf -'
bindir='${exec_prefix}/bin'
build='i686-pc-linux-gnu'
build_alias='i686-linux-gnu'
build_cpu='i686'
build_os='linux-gnu'
build_vendor='pc'
datadir='${datarootdir}'
datarootdir='${prefix}/share'
docdir='${datarootdir}/doc/${PACKAGE_TARNAME}'
dvidir='${docdir}'
exec_prefix='/home/tp-link-hm/work/ipf_plm/ipv6_three_moed_merge/iplatform/board/model_mtk_mt76xx/gplcode/staging_dir/host'
host='i686-pc-linux-gnu'
host_alias='i686-linux-gnu'
host_cpu='i686'
host_os='linux-gnu'
host_vendor='pc'
htmldir='${docdir}'
includedir='${prefix}/include'
infodir='${datarootdir}/info'
install_sh='${SHELL} /home/tp-link-hm/work/ipf_plm/ipv6_three_moed_merge/iplatform/board/model_mtk_mt76xx/gplcode/build_dir/host/mklibs-0.1.34/install-sh'
libdir='${exec_prefix}/lib'
libexecdir='${exec_prefix}/libexec'
localedir='${datarootdir}/locale'
localstatedir='/home/tp-link-hm/work/ipf_plm/ipv6_three_moed_merge/iplatform/board/model_mtk_mt76xx/gplcode/staging_dir/host/var'
mandir='${datarootdir}/man'
mkdir_p='/bin/mkdir -p'
oldincludedir='/usr/include'
pdfdir='${docdir}'
prefix='/home/tp-link-hm/work/ipf_plm/ipv6_three_moed_merge/iplatform/board/model_mtk_mt76xx/gplcode/staging_dir/host'
program_transform_name='s&$$&&;s&^&&'
psdir='${docdir}'
sbindir='/home/tp-link-hm/work/ipf_plm/ipv6_three_moed_merge/iplatform/board/model_mtk_mt76xx/gplcode/staging_dir/host/bin'
sharedstatedir='${prefix}/com'
sysconfdir='/home/tp-link-hm/work/ipf_plm/ipv6_three_moed_merge/iplatform/board/model_mtk_mt76xx/gplcode/staging_dir/host/etc'
target='i686-pc-linux-gnu'
target_alias='i686-linux-gnu'
target_cpu='i686'
target_os='linux-gnu'
target_vendor='pc'

## ----------- ##
## confdefs.h. ##
## ----------- ##

/* confdefs.h */
#define PACKAGE_NAME "mklibs"
#define PACKAGE_TARNAME "mklibs"
#define PACKAGE_VERSION "0.1.32"
#define PACKAGE_STRING "mklibs 0.1.32"
#define PACKAGE_BUGREPORT ""
#define PACKAGE_URL ""

configure: exit 0
