This file contains any messages produced by compilers while
running configure, to aid debugging if configure makes a mistake.

It was created by bridge-utils configure 1.5, which was
generated by GNU Autoconf 2.68.  Invocation command line was

  $ ./configure --target=mipsel-openwrt-linux-uclibc --host=mipsel-openwrt-linux-uclibc --build=i686-linux-gnu --program-prefix= --program-suffix= --prefix=/usr --exec-prefix=/usr --bindir=/usr/bin --sbindir=/usr/sbin --libexecdir=/usr/lib --sysconfdir=/etc --datadir=/usr/share --localstatedir=/var --mandir=/usr/man --infodir=/usr/info --disable-nls --with-linux-headers=/home/tp-link-hm/work/ipf_plm/ipv6_three_moed_merge/iplatform/board/model_mtk_mt76xx/gplcode/./sdk/rt288x/linux/kernels/linux-2.6.36.x/

## --------- ##
## Platform. ##
## --------- ##

hostname = tplink-hm
uname -m = i686
uname -r = 3.2.0-105-generic-pae
uname -s = Linux
uname -v = #146-Ubuntu SMP Fri Jun 10 20:58:31 UTC 2016

/usr/bin/uname -p = unknown
/bin/uname -X     = unknown

/bin/arch              = i686
/usr/bin/arch -k       = unknown
/usr/convex/getsysinfo = unknown
/usr/bin/hostinfo      = unknown
/bin/machine           = unknown
/usr/bin/oslevel       = unknown
/bin/universe          = unknown

PATH: /home/tp-link-hm/work/ipf_plm/ipv6_three_moed_merge/iplatform/board/model_mtk_mt76xx/gplcode/staging_dir/target-mipsel-openwrt-linux-uclibc/host/bin
PATH: /home/tp-link-hm/work/ipf_plm/ipv6_three_moed_merge/iplatform/board/model_mtk_mt76xx/gplcode/staging_dir/toolchain-mipsel-openwrt-linux-uclibc/bin
PATH: /home/tp-link-hm/work/ipf_plm/ipv6_three_moed_merge/iplatform/board/model_mtk_mt76xx/gplcode/staging_dir/host/bin
PATH: /home/tp-link-hm/work/ipf_plm/ipv6_three_moed_merge/iplatform/board/model_mtk_mt76xx/gplcode/staging_dir/toolchain-mipsel-openwrt-linux-uclibc/bin
PATH: /home/tp-link-hm/work/ipf_plm/ipv6_three_moed_merge/iplatform/board/model_mtk_mt76xx/gplcode/staging_dir/host/bin
PATH: /home/tp-link-hm/work/ipf_plm/ipv6_three_moed_merge/iplatform/board/model_mtk_mt76xx/gplcode/staging_dir/toolchain-mipsel-openwrt-linux-uclibc/bin
PATH: /home/tp-link-hm/work/ipf_plm/ipv6_three_moed_merge/iplatform/board/model_mtk_mt76xx/gplcode/staging_dir/host/bin
PATH: /usr/local/sbin
PATH: /usr/local/bin
PATH: /usr/sbin
PATH: /usr/bin
PATH: /sbin
PATH: /bin
PATH: /usr/games
PATH: /home/tp-link-hm/work/ipf_plm/ipv6_three_moed_merge/iplatform/board/model_mtk_mt76xx/gplcode/./toolchain/buildroot-gcc463/usr/bin
PATH: /home/tp-link-hm/work/ipf_plm/ipv6_three_moed_merge/iplatform/board/model_mtk_mt76xx/gplcode/./toolchain/buildroot-gcc463/usr/bin
PATH: /home/tp-link-hm/work/ipf_plm/ipv6_three_moed_merge/iplatform/board/model_mtk_mt76xx/gplcode/./toolchain/buildroot-gcc463/usr/bin


## ----------- ##
## Core tests. ##
## ----------- ##

configure:1975: loading site script /home/tp-link-hm/work/ipf_plm/ipv6_three_moed_merge/iplatform/board/model_mtk_mt76xx/gplcode/include/site/mipsel-openwrt-linux-uclibc
| #!/bin/sh
| 
| . $TOPDIR/include/site/mipsel-linux
| . $TOPDIR/include/site/linux-uclibc
| 
configure:2091: checking for mipsel-openwrt-linux-uclibc-gcc
configure:2118: result: mipsel-buildroot-linux-uclibc-gcc
configure:2387: checking for C compiler version
configure:2396: mipsel-buildroot-linux-uclibc-gcc --version >&5
mipsel-buildroot-linux-uclibc-gcc (Buildroot 2012.11.1) 4.6.3
Copyright (C) 2011 Free Software Foundation, Inc.
This is free software; see the source for copying conditions.  There is NO
warranty; not even for MERCHANTABILITY or FITNESS FOR A PARTICULAR PURPOSE.

configure:2407: $? = 0
configure:2396: mipsel-buildroot-linux-uclibc-gcc -v >&5
Using built-in specs.
COLLECT_GCC=mipsel-buildroot-linux-uclibc-gcc
COLLECT_LTO_WRAPPER=/home/tp-link-hm/work/ipf_plm/ipv6_three_moed_merge/iplatform/board/model_mtk_mt76xx/gplcode/toolchain/buildroot-gcc463/usr/bin/../libexec/gcc/mipsel-buildroot-linux-uclibc/4.6.3/lto-wrapper
Target: mipsel-buildroot-linux-uclibc
Configured with: /home/tp-link-hm/work/tmp/mtk/buildroot-2012.11.1/output/toolchain/gcc-4.6.3/configure --prefix=/opt/buildroot-gcc463/usr --build=i686-pc-linux-gnu --host=i686-pc-linux-gnu --target=mipsel-buildroot-linux-uclibc --enable-languages=c,c++ --with-sysroot=/opt/buildroot-gcc463/usr/mipsel-buildroot-linux-uclibc/sysroot --with-build-time-tools=/opt/buildroot-gcc463/usr/mipsel-buildroot-linux-uclibc/bin --disable-__cxa_atexit --enable-target-optspace --disable-libgomp --with-gnu-ld --disable-libssp --disable-multilib --disable-tls --disable-shared --with-gmp=/opt/buildroot-gcc463/usr --with-mpfr=/opt/buildroot-gcc463/usr --with-mpc=/opt/buildroot-gcc463/usr --disable-nls --enable-threads --disable-decimal-float --with-float=soft --with-abi=32 --with-tune=mips32r2 --with-pkgversion='Buildroot 2012.11.1' --with-bugurl=http://bugs.buildroot.net/
Thread model: posix
gcc version 4.6.3 (Buildroot 2012.11.1) 
configure:2407: $? = 0
configure:2396: mipsel-buildroot-linux-uclibc-gcc -V >&5
mipsel-buildroot-linux-uclibc-gcc: error: unrecognized option '-V'
mipsel-buildroot-linux-uclibc-gcc: fatal error: no input files
compilation terminated.
configure:2407: $? = 1
configure:2396: mipsel-buildroot-linux-uclibc-gcc -qversion >&5
mipsel-buildroot-linux-uclibc-gcc: error: unrecognized option '-qversion'
mipsel-buildroot-linux-uclibc-gcc: fatal error: no input files
compilation terminated.
configure:2407: $? = 1
configure:2427: checking whether the C compiler works
configure:2449: mipsel-buildroot-linux-uclibc-gcc   -I/home/tp-link-hm/work/ipf_plm/ipv6_three_moed_merge/iplatform/board/model_mtk_mt76xx/gplcode/staging_dir/target-mipsel-openwrt-linux-uclibc/usr/include -I/home/tp-link-hm/work/ipf_plm/ipv6_three_moed_merge/iplatform/board/model_mtk_mt76xx/gplcode/staging_dir/target-mipsel-openwrt-linux-uclibc/include -I/home/tp-link-hm/work/ipf_plm/ipv6_three_moed_merge/iplatform/board/model_mtk_mt76xx/gplcode/./toolchain/buildroot-gcc463/usr/mipsel-buildroot-linux-uclibc/sysroot/usr/include/ -I/home/tp-link-hm/work/ipf_plm/ipv6_three_moed_merge/iplatform/board/model_mtk_mt76xx/gplcode/./toolchain/buildroot-gcc463/usr/include  -L/home/tp-link-hm/work/ipf_plm/ipv6_three_moed_merge/iplatform/board/model_mtk_mt76xx/gplcode/staging_dir/target-mipsel-openwrt-linux-uclibc/usr/lib -L/home/tp-link-hm/work/ipf_plm/ipv6_three_moed_merge/iplatform/board/model_mtk_mt76xx/gplcode/staging_dir/target-mipsel-openwrt-linux-uclibc/lib -Wl,-rpath-link,/home/tp-link-hm/work/ipf_plm/ipv6_three_moed_merge/iplatform/board/model_mtk_mt76xx/gplcode/staging_dir/target-mipsel-openwrt-linux-uclibc/usr/lib -L/home/tp-link-hm/work/ipf_plm/ipv6_three_moed_merge/iplatform/board/model_mtk_mt76xx/gplcode/./toolchain/buildroot-gcc463/usr/lib/ -L/home/tp-link-hm/work/ipf_plm/ipv6_three_moed_merge/iplatform/board/model_mtk_mt76xx/gplcode/./toolchain/buildroot-gcc463/usr/mipsel-buildroot-linux-uclibc/sysroot/usr/lib/  conftest.c  >&5
configure:2453: $? = 0
configure:2501: result: yes
configure:2504: checking for C compiler default output file name
configure:2506: result: a.out
configure:2512: checking for suffix of executables
configure:2519: mipsel-buildroot-linux-uclibc-gcc -o conftest   -I/home/tp-link-hm/work/ipf_plm/ipv6_three_moed_merge/iplatform/board/model_mtk_mt76xx/gplcode/staging_dir/target-mipsel-openwrt-linux-uclibc/usr/include -I/home/tp-link-hm/work/ipf_plm/ipv6_three_moed_merge/iplatform/board/model_mtk_mt76xx/gplcode/staging_dir/target-mipsel-openwrt-linux-uclibc/include -I/home/tp-link-hm/work/ipf_plm/ipv6_three_moed_merge/iplatform/board/model_mtk_mt76xx/gplcode/./toolchain/buildroot-gcc463/usr/mipsel-buildroot-linux-uclibc/sysroot/usr/include/ -I/home/tp-link-hm/work/ipf_plm/ipv6_three_moed_merge/iplatform/board/model_mtk_mt76xx/gplcode/./toolchain/buildroot-gcc463/usr/include  -L/home/tp-link-hm/work/ipf_plm/ipv6_three_moed_merge/iplatform/board/model_mtk_mt76xx/gplcode/staging_dir/target-mipsel-openwrt-linux-uclibc/usr/lib -L/home/tp-link-hm/work/ipf_plm/ipv6_three_moed_merge/iplatform/board/model_mtk_mt76xx/gplcode/staging_dir/target-mipsel-openwrt-linux-uclibc/lib -Wl,-rpath-link,/home/tp-link-hm/work/ipf_plm/ipv6_three_moed_merge/iplatform/board/model_mtk_mt76xx/gplcode/staging_dir/target-mipsel-openwrt-linux-uclibc/usr/lib -L/home/tp-link-hm/work/ipf_plm/ipv6_three_moed_merge/iplatform/board/model_mtk_mt76xx/gplcode/./toolchain/buildroot-gcc463/usr/lib/ -L/home/tp-link-hm/work/ipf_plm/ipv6_three_moed_merge/iplatform/board/model_mtk_mt76xx/gplcode/./toolchain/buildroot-gcc463/usr/mipsel-buildroot-linux-uclibc/sysroot/usr/lib/  conftest.c  >&5
configure:2523: $? = 0
configure:2545: result: 
configure:2567: checking whether we are cross compiling
configure:2605: result: yes
configure:2610: checking for suffix of object files
configure:2632: mipsel-buildroot-linux-uclibc-gcc -c   -I/home/tp-link-hm/work/ipf_plm/ipv6_three_moed_merge/iplatform/board/model_mtk_mt76xx/gplcode/staging_dir/target-mipsel-openwrt-linux-uclibc/usr/include -I/home/tp-link-hm/work/ipf_plm/ipv6_three_moed_merge/iplatform/board/model_mtk_mt76xx/gplcode/staging_dir/target-mipsel-openwrt-linux-uclibc/include -I/home/tp-link-hm/work/ipf_plm/ipv6_three_moed_merge/iplatform/board/model_mtk_mt76xx/gplcode/./toolchain/buildroot-gcc463/usr/mipsel-buildroot-linux-uclibc/sysroot/usr/include/ -I/home/tp-link-hm/work/ipf_plm/ipv6_three_moed_merge/iplatform/board/model_mtk_mt76xx/gplcode/./toolchain/buildroot-gcc463/usr/include  conftest.c >&5
configure:2636: $? = 0
configure:2657: result: o
configure:2661: checking whether we are using the GNU C compiler
configure:2680: mipsel-buildroot-linux-uclibc-gcc -c   -I/home/tp-link-hm/work/ipf_plm/ipv6_three_moed_merge/iplatform/board/model_mtk_mt76xx/gplcode/staging_dir/target-mipsel-openwrt-linux-uclibc/usr/include -I/home/tp-link-hm/work/ipf_plm/ipv6_three_moed_merge/iplatform/board/model_mtk_mt76xx/gplcode/staging_dir/target-mipsel-openwrt-linux-uclibc/include -I/home/tp-link-hm/work/ipf_plm/ipv6_three_moed_merge/iplatform/board/model_mtk_mt76xx/gplcode/./toolchain/buildroot-gcc463/usr/mipsel-buildroot-linux-uclibc/sysroot/usr/include/ -I/home/tp-link-hm/work/ipf_plm/ipv6_three_moed_merge/iplatform/board/model_mtk_mt76xx/gplcode/./toolchain/buildroot-gcc463/usr/include  conftest.c >&5
configure:2680: $? = 0
configure:2689: result: yes
configure:2698: checking whether mipsel-buildroot-linux-uclibc-gcc accepts -g
configure:2718: mipsel-buildroot-linux-uclibc-gcc -c -g -I/home/tp-link-hm/work/ipf_plm/ipv6_three_moed_merge/iplatform/board/model_mtk_mt76xx/gplcode/staging_dir/target-mipsel-openwrt-linux-uclibc/usr/include -I/home/tp-link-hm/work/ipf_plm/ipv6_three_moed_merge/iplatform/board/model_mtk_mt76xx/gplcode/staging_dir/target-mipsel-openwrt-linux-uclibc/include -I/home/tp-link-hm/work/ipf_plm/ipv6_three_moed_merge/iplatform/board/model_mtk_mt76xx/gplcode/./toolchain/buildroot-gcc463/usr/mipsel-buildroot-linux-uclibc/sysroot/usr/include/ -I/home/tp-link-hm/work/ipf_plm/ipv6_three_moed_merge/iplatform/board/model_mtk_mt76xx/gplcode/./toolchain/buildroot-gcc463/usr/include  conftest.c >&5
configure:2718: $? = 0
configure:2759: result: yes
configure:2776: checking for mipsel-buildroot-linux-uclibc-gcc option to accept ISO C89
configure:2840: mipsel-buildroot-linux-uclibc-gcc  -c   -I/home/tp-link-hm/work/ipf_plm/ipv6_three_moed_merge/iplatform/board/model_mtk_mt76xx/gplcode/staging_dir/target-mipsel-openwrt-linux-uclibc/usr/include -I/home/tp-link-hm/work/ipf_plm/ipv6_three_moed_merge/iplatform/board/model_mtk_mt76xx/gplcode/staging_dir/target-mipsel-openwrt-linux-uclibc/include -I/home/tp-link-hm/work/ipf_plm/ipv6_three_moed_merge/iplatform/board/model_mtk_mt76xx/gplcode/./toolchain/buildroot-gcc463/usr/mipsel-buildroot-linux-uclibc/sysroot/usr/include/ -I/home/tp-link-hm/work/ipf_plm/ipv6_three_moed_merge/iplatform/board/model_mtk_mt76xx/gplcode/./toolchain/buildroot-gcc463/usr/include  conftest.c >&5
configure:2840: $? = 0
configure:2853: result: none needed
configure:2916: checking for a BSD-compatible install
configure:2984: result: /usr/bin/install -c
configure:2998: checking for mipsel-openwrt-linux-uclibc-ranlib
configure:3025: result: mipsel-buildroot-linux-uclibc-ranlib
configure:3094: checking how to run the C preprocessor
configure:3125: mipsel-buildroot-linux-uclibc-gcc -E -I/home/tp-link-hm/work/ipf_plm/ipv6_three_moed_merge/iplatform/board/model_mtk_mt76xx/gplcode/staging_dir/target-mipsel-openwrt-linux-uclibc/usr/include -I/home/tp-link-hm/work/ipf_plm/ipv6_three_moed_merge/iplatform/board/model_mtk_mt76xx/gplcode/staging_dir/target-mipsel-openwrt-linux-uclibc/include -I/home/tp-link-hm/work/ipf_plm/ipv6_three_moed_merge/iplatform/board/model_mtk_mt76xx/gplcode/./toolchain/buildroot-gcc463/usr/mipsel-buildroot-linux-uclibc/sysroot/usr/include/ -I/home/tp-link-hm/work/ipf_plm/ipv6_three_moed_merge/iplatform/board/model_mtk_mt76xx/gplcode/./toolchain/buildroot-gcc463/usr/include  conftest.c
configure:3125: $? = 0
configure:3139: mipsel-buildroot-linux-uclibc-gcc -E -I/home/tp-link-hm/work/ipf_plm/ipv6_three_moed_merge/iplatform/board/model_mtk_mt76xx/gplcode/staging_dir/target-mipsel-openwrt-linux-uclibc/usr/include -I/home/tp-link-hm/work/ipf_plm/ipv6_three_moed_merge/iplatform/board/model_mtk_mt76xx/gplcode/staging_dir/target-mipsel-openwrt-linux-uclibc/include -I/home/tp-link-hm/work/ipf_plm/ipv6_three_moed_merge/iplatform/board/model_mtk_mt76xx/gplcode/./toolchain/buildroot-gcc463/usr/mipsel-buildroot-linux-uclibc/sysroot/usr/include/ -I/home/tp-link-hm/work/ipf_plm/ipv6_three_moed_merge/iplatform/board/model_mtk_mt76xx/gplcode/./toolchain/buildroot-gcc463/usr/include  conftest.c
conftest.c:9:28: fatal error: ac_nonexistent.h: No such file or directory
compilation terminated.
configure:3139: $? = 1
configure: failed program was:
| /* confdefs.h */
| #define PACKAGE_NAME "bridge-utils"
| #define PACKAGE_TARNAME "bridge-utils"
| #define PACKAGE_VERSION "1.5"
| #define PACKAGE_STRING "bridge-utils 1.5"
| #define PACKAGE_BUGREPORT ""
| #define PACKAGE_URL ""
| /* end confdefs.h.  */
| #include <ac_nonexistent.h>
configure:3164: result: mipsel-buildroot-linux-uclibc-gcc -E
configure:3184: mipsel-buildroot-linux-uclibc-gcc -E -I/home/tp-link-hm/work/ipf_plm/ipv6_three_moed_merge/iplatform/board/model_mtk_mt76xx/gplcode/staging_dir/target-mipsel-openwrt-linux-uclibc/usr/include -I/home/tp-link-hm/work/ipf_plm/ipv6_three_moed_merge/iplatform/board/model_mtk_mt76xx/gplcode/staging_dir/target-mipsel-openwrt-linux-uclibc/include -I/home/tp-link-hm/work/ipf_plm/ipv6_three_moed_merge/iplatform/board/model_mtk_mt76xx/gplcode/./toolchain/buildroot-gcc463/usr/mipsel-buildroot-linux-uclibc/sysroot/usr/include/ -I/home/tp-link-hm/work/ipf_plm/ipv6_three_moed_merge/iplatform/board/model_mtk_mt76xx/gplcode/./toolchain/buildroot-gcc463/usr/include  conftest.c
configure:3184: $? = 0
configure:3198: mipsel-buildroot-linux-uclibc-gcc -E -I/home/tp-link-hm/work/ipf_plm/ipv6_three_moed_merge/iplatform/board/model_mtk_mt76xx/gplcode/staging_dir/target-mipsel-openwrt-linux-uclibc/usr/include -I/home/tp-link-hm/work/ipf_plm/ipv6_three_moed_merge/iplatform/board/model_mtk_mt76xx/gplcode/staging_dir/target-mipsel-openwrt-linux-uclibc/include -I/home/tp-link-hm/work/ipf_plm/ipv6_three_moed_merge/iplatform/board/model_mtk_mt76xx/gplcode/./toolchain/buildroot-gcc463/usr/mipsel-buildroot-linux-uclibc/sysroot/usr/include/ -I/home/tp-link-hm/work/ipf_plm/ipv6_three_moed_merge/iplatform/board/model_mtk_mt76xx/gplcode/./toolchain/buildroot-gcc463/usr/include  conftest.c
conftest.c:9:28: fatal error: ac_nonexistent.h: No such file or directory
compilation terminated.
configure:3198: $? = 1
configure: failed program was:
| /* confdefs.h */
| #define PACKAGE_NAME "bridge-utils"
| #define PACKAGE_TARNAME "bridge-utils"
| #define PACKAGE_VERSION "1.5"
| #define PACKAGE_STRING "bridge-utils 1.5"
| #define PACKAGE_BUGREPORT ""
| #define PACKAGE_URL ""
| /* end confdefs.h.  */
| #include <ac_nonexistent.h>
configure:3227: checking for grep that handles long lines and -e
configure:3285: result: /bin/grep
configure:3290: checking for egrep
configure:3352: result: /bin/grep -E
configure:3357: checking for ANSI C header files
configure:3377: mipsel-buildroot-linux-uclibc-gcc -c   -I/home/tp-link-hm/work/ipf_plm/ipv6_three_moed_merge/iplatform/board/model_mtk_mt76xx/gplcode/staging_dir/target-mipsel-openwrt-linux-uclibc/usr/include -I/home/tp-link-hm/work/ipf_plm/ipv6_three_moed_merge/iplatform/board/model_mtk_mt76xx/gplcode/staging_dir/target-mipsel-openwrt-linux-uclibc/include -I/home/tp-link-hm/work/ipf_plm/ipv6_three_moed_merge/iplatform/board/model_mtk_mt76xx/gplcode/./toolchain/buildroot-gcc463/usr/mipsel-buildroot-linux-uclibc/sysroot/usr/include/ -I/home/tp-link-hm/work/ipf_plm/ipv6_three_moed_merge/iplatform/board/model_mtk_mt76xx/gplcode/./toolchain/buildroot-gcc463/usr/include  conftest.c >&5
configure:3377: $? = 0
configure:3461: result: yes
configure:3474: checking for sys/types.h
configure:3474: mipsel-buildroot-linux-uclibc-gcc -c   -I/home/tp-link-hm/work/ipf_plm/ipv6_three_moed_merge/iplatform/board/model_mtk_mt76xx/gplcode/staging_dir/target-mipsel-openwrt-linux-uclibc/usr/include -I/home/tp-link-hm/work/ipf_plm/ipv6_three_moed_merge/iplatform/board/model_mtk_mt76xx/gplcode/staging_dir/target-mipsel-openwrt-linux-uclibc/include -I/home/tp-link-hm/work/ipf_plm/ipv6_three_moed_merge/iplatform/board/model_mtk_mt76xx/gplcode/./toolchain/buildroot-gcc463/usr/mipsel-buildroot-linux-uclibc/sysroot/usr/include/ -I/home/tp-link-hm/work/ipf_plm/ipv6_three_moed_merge/iplatform/board/model_mtk_mt76xx/gplcode/./toolchain/buildroot-gcc463/usr/include  conftest.c >&5
configure:3474: $? = 0
configure:3474: result: yes
configure:3474: checking for sys/stat.h
configure:3474: mipsel-buildroot-linux-uclibc-gcc -c   -I/home/tp-link-hm/work/ipf_plm/ipv6_three_moed_merge/iplatform/board/model_mtk_mt76xx/gplcode/staging_dir/target-mipsel-openwrt-linux-uclibc/usr/include -I/home/tp-link-hm/work/ipf_plm/ipv6_three_moed_merge/iplatform/board/model_mtk_mt76xx/gplcode/staging_dir/target-mipsel-openwrt-linux-uclibc/include -I/home/tp-link-hm/work/ipf_plm/ipv6_three_moed_merge/iplatform/board/model_mtk_mt76xx/gplcode/./toolchain/buildroot-gcc463/usr/mipsel-buildroot-linux-uclibc/sysroot/usr/include/ -I/home/tp-link-hm/work/ipf_plm/ipv6_three_moed_merge/iplatform/board/model_mtk_mt76xx/gplcode/./toolchain/buildroot-gcc463/usr/include  conftest.c >&5
configure:3474: $? = 0
configure:3474: result: yes
configure:3474: checking for stdlib.h
configure:3474: mipsel-buildroot-linux-uclibc-gcc -c   -I/home/tp-link-hm/work/ipf_plm/ipv6_three_moed_merge/iplatform/board/model_mtk_mt76xx/gplcode/staging_dir/target-mipsel-openwrt-linux-uclibc/usr/include -I/home/tp-link-hm/work/ipf_plm/ipv6_three_moed_merge/iplatform/board/model_mtk_mt76xx/gplcode/staging_dir/target-mipsel-openwrt-linux-uclibc/include -I/home/tp-link-hm/work/ipf_plm/ipv6_three_moed_merge/iplatform/board/model_mtk_mt76xx/gplcode/./toolchain/buildroot-gcc463/usr/mipsel-buildroot-linux-uclibc/sysroot/usr/include/ -I/home/tp-link-hm/work/ipf_plm/ipv6_three_moed_merge/iplatform/board/model_mtk_mt76xx/gplcode/./toolchain/buildroot-gcc463/usr/include  conftest.c >&5
configure:3474: $? = 0
configure:3474: result: yes
configure:3474: checking for string.h
configure:3474: mipsel-buildroot-linux-uclibc-gcc -c   -I/home/tp-link-hm/work/ipf_plm/ipv6_three_moed_merge/iplatform/board/model_mtk_mt76xx/gplcode/staging_dir/target-mipsel-openwrt-linux-uclibc/usr/include -I/home/tp-link-hm/work/ipf_plm/ipv6_three_moed_merge/iplatform/board/model_mtk_mt76xx/gplcode/staging_dir/target-mipsel-openwrt-linux-uclibc/include -I/home/tp-link-hm/work/ipf_plm/ipv6_three_moed_merge/iplatform/board/model_mtk_mt76xx/gplcode/./toolchain/buildroot-gcc463/usr/mipsel-buildroot-linux-uclibc/sysroot/usr/include/ -I/home/tp-link-hm/work/ipf_plm/ipv6_three_moed_merge/iplatform/board/model_mtk_mt76xx/gplcode/./toolchain/buildroot-gcc463/usr/include  conftest.c >&5
configure:3474: $? = 0
configure:3474: result: yes
configure:3474: checking for memory.h
configure:3474: mipsel-buildroot-linux-uclibc-gcc -c   -I/home/tp-link-hm/work/ipf_plm/ipv6_three_moed_merge/iplatform/board/model_mtk_mt76xx/gplcode/staging_dir/target-mipsel-openwrt-linux-uclibc/usr/include -I/home/tp-link-hm/work/ipf_plm/ipv6_three_moed_merge/iplatform/board/model_mtk_mt76xx/gplcode/staging_dir/target-mipsel-openwrt-linux-uclibc/include -I/home/tp-link-hm/work/ipf_plm/ipv6_three_moed_merge/iplatform/board/model_mtk_mt76xx/gplcode/./toolchain/buildroot-gcc463/usr/mipsel-buildroot-linux-uclibc/sysroot/usr/include/ -I/home/tp-link-hm/work/ipf_plm/ipv6_three_moed_merge/iplatform/board/model_mtk_mt76xx/gplcode/./toolchain/buildroot-gcc463/usr/include  conftest.c >&5
configure:3474: $? = 0
configure:3474: result: yes
configure:3474: checking for strings.h
configure:3474: mipsel-buildroot-linux-uclibc-gcc -c   -I/home/tp-link-hm/work/ipf_plm/ipv6_three_moed_merge/iplatform/board/model_mtk_mt76xx/gplcode/staging_dir/target-mipsel-openwrt-linux-uclibc/usr/include -I/home/tp-link-hm/work/ipf_plm/ipv6_three_moed_merge/iplatform/board/model_mtk_mt76xx/gplcode/staging_dir/target-mipsel-openwrt-linux-uclibc/include -I/home/tp-link-hm/work/ipf_plm/ipv6_three_moed_merge/iplatform/board/model_mtk_mt76xx/gplcode/./toolchain/buildroot-gcc463/usr/mipsel-buildroot-linux-uclibc/sysroot/usr/include/ -I/home/tp-link-hm/work/ipf_plm/ipv6_three_moed_merge/iplatform/board/model_mtk_mt76xx/gplcode/./toolchain/buildroot-gcc463/usr/include  conftest.c >&5
configure:3474: $? = 0
configure:3474: result: yes
configure:3474: checking for inttypes.h
configure:3474: mipsel-buildroot-linux-uclibc-gcc -c   -I/home/tp-link-hm/work/ipf_plm/ipv6_three_moed_merge/iplatform/board/model_mtk_mt76xx/gplcode/staging_dir/target-mipsel-openwrt-linux-uclibc/usr/include -I/home/tp-link-hm/work/ipf_plm/ipv6_three_moed_merge/iplatform/board/model_mtk_mt76xx/gplcode/staging_dir/target-mipsel-openwrt-linux-uclibc/include -I/home/tp-link-hm/work/ipf_plm/ipv6_three_moed_merge/iplatform/board/model_mtk_mt76xx/gplcode/./toolchain/buildroot-gcc463/usr/mipsel-buildroot-linux-uclibc/sysroot/usr/include/ -I/home/tp-link-hm/work/ipf_plm/ipv6_three_moed_merge/iplatform/board/model_mtk_mt76xx/gplcode/./toolchain/buildroot-gcc463/usr/include  conftest.c >&5
configure:3474: $? = 0
configure:3474: result: yes
configure:3474: checking for stdint.h
configure:3474: mipsel-buildroot-linux-uclibc-gcc -c   -I/home/tp-link-hm/work/ipf_plm/ipv6_three_moed_merge/iplatform/board/model_mtk_mt76xx/gplcode/staging_dir/target-mipsel-openwrt-linux-uclibc/usr/include -I/home/tp-link-hm/work/ipf_plm/ipv6_three_moed_merge/iplatform/board/model_mtk_mt76xx/gplcode/staging_dir/target-mipsel-openwrt-linux-uclibc/include -I/home/tp-link-hm/work/ipf_plm/ipv6_three_moed_merge/iplatform/board/model_mtk_mt76xx/gplcode/./toolchain/buildroot-gcc463/usr/mipsel-buildroot-linux-uclibc/sysroot/usr/include/ -I/home/tp-link-hm/work/ipf_plm/ipv6_three_moed_merge/iplatform/board/model_mtk_mt76xx/gplcode/./toolchain/buildroot-gcc463/usr/include  conftest.c >&5
configure:3474: $? = 0
configure:3474: result: yes
configure:3474: checking for unistd.h
configure:3474: mipsel-buildroot-linux-uclibc-gcc -c   -I/home/tp-link-hm/work/ipf_plm/ipv6_three_moed_merge/iplatform/board/model_mtk_mt76xx/gplcode/staging_dir/target-mipsel-openwrt-linux-uclibc/usr/include -I/home/tp-link-hm/work/ipf_plm/ipv6_three_moed_merge/iplatform/board/model_mtk_mt76xx/gplcode/staging_dir/target-mipsel-openwrt-linux-uclibc/include -I/home/tp-link-hm/work/ipf_plm/ipv6_three_moed_merge/iplatform/board/model_mtk_mt76xx/gplcode/./toolchain/buildroot-gcc463/usr/mipsel-buildroot-linux-uclibc/sysroot/usr/include/ -I/home/tp-link-hm/work/ipf_plm/ipv6_three_moed_merge/iplatform/board/model_mtk_mt76xx/gplcode/./toolchain/buildroot-gcc463/usr/include  conftest.c >&5
configure:3474: $? = 0
configure:3474: result: yes
configure:3489: checking sys/ioctl.h usability
configure:3489: mipsel-buildroot-linux-uclibc-gcc -c   -I/home/tp-link-hm/work/ipf_plm/ipv6_three_moed_merge/iplatform/board/model_mtk_mt76xx/gplcode/staging_dir/target-mipsel-openwrt-linux-uclibc/usr/include -I/home/tp-link-hm/work/ipf_plm/ipv6_three_moed_merge/iplatform/board/model_mtk_mt76xx/gplcode/staging_dir/target-mipsel-openwrt-linux-uclibc/include -I/home/tp-link-hm/work/ipf_plm/ipv6_three_moed_merge/iplatform/board/model_mtk_mt76xx/gplcode/./toolchain/buildroot-gcc463/usr/mipsel-buildroot-linux-uclibc/sysroot/usr/include/ -I/home/tp-link-hm/work/ipf_plm/ipv6_three_moed_merge/iplatform/board/model_mtk_mt76xx/gplcode/./toolchain/buildroot-gcc463/usr/include  conftest.c >&5
configure:3489: $? = 0
configure:3489: result: yes
configure:3489: checking sys/ioctl.h presence
configure:3489: mipsel-buildroot-linux-uclibc-gcc -E -I/home/tp-link-hm/work/ipf_plm/ipv6_three_moed_merge/iplatform/board/model_mtk_mt76xx/gplcode/staging_dir/target-mipsel-openwrt-linux-uclibc/usr/include -I/home/tp-link-hm/work/ipf_plm/ipv6_three_moed_merge/iplatform/board/model_mtk_mt76xx/gplcode/staging_dir/target-mipsel-openwrt-linux-uclibc/include -I/home/tp-link-hm/work/ipf_plm/ipv6_three_moed_merge/iplatform/board/model_mtk_mt76xx/gplcode/./toolchain/buildroot-gcc463/usr/mipsel-buildroot-linux-uclibc/sysroot/usr/include/ -I/home/tp-link-hm/work/ipf_plm/ipv6_three_moed_merge/iplatform/board/model_mtk_mt76xx/gplcode/./toolchain/buildroot-gcc463/usr/include  conftest.c
configure:3489: $? = 0
configure:3489: result: yes
configure:3489: checking for sys/ioctl.h
configure:3489: result: yes
configure:3489: checking sys/time.h usability
configure:3489: mipsel-buildroot-linux-uclibc-gcc -c   -I/home/tp-link-hm/work/ipf_plm/ipv6_three_moed_merge/iplatform/board/model_mtk_mt76xx/gplcode/staging_dir/target-mipsel-openwrt-linux-uclibc/usr/include -I/home/tp-link-hm/work/ipf_plm/ipv6_three_moed_merge/iplatform/board/model_mtk_mt76xx/gplcode/staging_dir/target-mipsel-openwrt-linux-uclibc/include -I/home/tp-link-hm/work/ipf_plm/ipv6_three_moed_merge/iplatform/board/model_mtk_mt76xx/gplcode/./toolchain/buildroot-gcc463/usr/mipsel-buildroot-linux-uclibc/sysroot/usr/include/ -I/home/tp-link-hm/work/ipf_plm/ipv6_three_moed_merge/iplatform/board/model_mtk_mt76xx/gplcode/./toolchain/buildroot-gcc463/usr/include  conftest.c >&5
configure:3489: $? = 0
configure:3489: result: yes
configure:3489: checking sys/time.h presence
configure:3489: mipsel-buildroot-linux-uclibc-gcc -E -I/home/tp-link-hm/work/ipf_plm/ipv6_three_moed_merge/iplatform/board/model_mtk_mt76xx/gplcode/staging_dir/target-mipsel-openwrt-linux-uclibc/usr/include -I/home/tp-link-hm/work/ipf_plm/ipv6_three_moed_merge/iplatform/board/model_mtk_mt76xx/gplcode/staging_dir/target-mipsel-openwrt-linux-uclibc/include -I/home/tp-link-hm/work/ipf_plm/ipv6_three_moed_merge/iplatform/board/model_mtk_mt76xx/gplcode/./toolchain/buildroot-gcc463/usr/mipsel-buildroot-linux-uclibc/sysroot/usr/include/ -I/home/tp-link-hm/work/ipf_plm/ipv6_three_moed_merge/iplatform/board/model_mtk_mt76xx/gplcode/./toolchain/buildroot-gcc463/usr/include  conftest.c
configure:3489: $? = 0
configure:3489: result: yes
configure:3489: checking for sys/time.h
configure:3489: result: yes
configure:3500: checking for an ANSI C-conforming const
configure:3565: mipsel-buildroot-linux-uclibc-gcc -c   -I/home/tp-link-hm/work/ipf_plm/ipv6_three_moed_merge/iplatform/board/model_mtk_mt76xx/gplcode/staging_dir/target-mipsel-openwrt-linux-uclibc/usr/include -I/home/tp-link-hm/work/ipf_plm/ipv6_three_moed_merge/iplatform/board/model_mtk_mt76xx/gplcode/staging_dir/target-mipsel-openwrt-linux-uclibc/include -I/home/tp-link-hm/work/ipf_plm/ipv6_three_moed_merge/iplatform/board/model_mtk_mt76xx/gplcode/./toolchain/buildroot-gcc463/usr/mipsel-buildroot-linux-uclibc/sysroot/usr/include/ -I/home/tp-link-hm/work/ipf_plm/ipv6_three_moed_merge/iplatform/board/model_mtk_mt76xx/gplcode/./toolchain/buildroot-gcc463/usr/include  conftest.c >&5
configure:3565: $? = 0
configure:3572: result: yes
configure:3580: checking whether time.h and sys/time.h may both be included
configure:3600: mipsel-buildroot-linux-uclibc-gcc -c   -I/home/tp-link-hm/work/ipf_plm/ipv6_three_moed_merge/iplatform/board/model_mtk_mt76xx/gplcode/staging_dir/target-mipsel-openwrt-linux-uclibc/usr/include -I/home/tp-link-hm/work/ipf_plm/ipv6_three_moed_merge/iplatform/board/model_mtk_mt76xx/gplcode/staging_dir/target-mipsel-openwrt-linux-uclibc/include -I/home/tp-link-hm/work/ipf_plm/ipv6_three_moed_merge/iplatform/board/model_mtk_mt76xx/gplcode/./toolchain/buildroot-gcc463/usr/mipsel-buildroot-linux-uclibc/sysroot/usr/include/ -I/home/tp-link-hm/work/ipf_plm/ipv6_three_moed_merge/iplatform/board/model_mtk_mt76xx/gplcode/./toolchain/buildroot-gcc463/usr/include  conftest.c >&5
configure:3600: $? = 0
configure:3607: result: yes
configure:3619: checking for gethostname
configure:3619: mipsel-buildroot-linux-uclibc-gcc -o conftest   -I/home/tp-link-hm/work/ipf_plm/ipv6_three_moed_merge/iplatform/board/model_mtk_mt76xx/gplcode/staging_dir/target-mipsel-openwrt-linux-uclibc/usr/include -I/home/tp-link-hm/work/ipf_plm/ipv6_three_moed_merge/iplatform/board/model_mtk_mt76xx/gplcode/staging_dir/target-mipsel-openwrt-linux-uclibc/include -I/home/tp-link-hm/work/ipf_plm/ipv6_three_moed_merge/iplatform/board/model_mtk_mt76xx/gplcode/./toolchain/buildroot-gcc463/usr/mipsel-buildroot-linux-uclibc/sysroot/usr/include/ -I/home/tp-link-hm/work/ipf_plm/ipv6_three_moed_merge/iplatform/board/model_mtk_mt76xx/gplcode/./toolchain/buildroot-gcc463/usr/include  -L/home/tp-link-hm/work/ipf_plm/ipv6_three_moed_merge/iplatform/board/model_mtk_mt76xx/gplcode/staging_dir/target-mipsel-openwrt-linux-uclibc/usr/lib -L/home/tp-link-hm/work/ipf_plm/ipv6_three_moed_merge/iplatform/board/model_mtk_mt76xx/gplcode/staging_dir/target-mipsel-openwrt-linux-uclibc/lib -Wl,-rpath-link,/home/tp-link-hm/work/ipf_plm/ipv6_three_moed_merge/iplatform/board/model_mtk_mt76xx/gplcode/staging_dir/target-mipsel-openwrt-linux-uclibc/usr/lib -L/home/tp-link-hm/work/ipf_plm/ipv6_three_moed_merge/iplatform/board/model_mtk_mt76xx/gplcode/./toolchain/buildroot-gcc463/usr/lib/ -L/home/tp-link-hm/work/ipf_plm/ipv6_three_moed_merge/iplatform/board/model_mtk_mt76xx/gplcode/./toolchain/buildroot-gcc463/usr/mipsel-buildroot-linux-uclibc/sysroot/usr/lib/  conftest.c  >&5
configure:3619: $? = 0
configure:3619: result: yes
configure:3619: checking for socket
configure:3619: mipsel-buildroot-linux-uclibc-gcc -o conftest   -I/home/tp-link-hm/work/ipf_plm/ipv6_three_moed_merge/iplatform/board/model_mtk_mt76xx/gplcode/staging_dir/target-mipsel-openwrt-linux-uclibc/usr/include -I/home/tp-link-hm/work/ipf_plm/ipv6_three_moed_merge/iplatform/board/model_mtk_mt76xx/gplcode/staging_dir/target-mipsel-openwrt-linux-uclibc/include -I/home/tp-link-hm/work/ipf_plm/ipv6_three_moed_merge/iplatform/board/model_mtk_mt76xx/gplcode/./toolchain/buildroot-gcc463/usr/mipsel-buildroot-linux-uclibc/sysroot/usr/include/ -I/home/tp-link-hm/work/ipf_plm/ipv6_three_moed_merge/iplatform/board/model_mtk_mt76xx/gplcode/./toolchain/buildroot-gcc463/usr/include  -L/home/tp-link-hm/work/ipf_plm/ipv6_three_moed_merge/iplatform/board/model_mtk_mt76xx/gplcode/staging_dir/target-mipsel-openwrt-linux-uclibc/usr/lib -L/home/tp-link-hm/work/ipf_plm/ipv6_three_moed_merge/iplatform/board/model_mtk_mt76xx/gplcode/staging_dir/target-mipsel-openwrt-linux-uclibc/lib -Wl,-rpath-link,/home/tp-link-hm/work/ipf_plm/ipv6_three_moed_merge/iplatform/board/model_mtk_mt76xx/gplcode/staging_dir/target-mipsel-openwrt-linux-uclibc/usr/lib -L/home/tp-link-hm/work/ipf_plm/ipv6_three_moed_merge/iplatform/board/model_mtk_mt76xx/gplcode/./toolchain/buildroot-gcc463/usr/lib/ -L/home/tp-link-hm/work/ipf_plm/ipv6_three_moed_merge/iplatform/board/model_mtk_mt76xx/gplcode/./toolchain/buildroot-gcc463/usr/mipsel-buildroot-linux-uclibc/sysroot/usr/lib/  conftest.c  >&5
configure:3619: $? = 0
configure:3619: result: yes
configure:3619: checking for strdup
configure:3619: mipsel-buildroot-linux-uclibc-gcc -o conftest   -I/home/tp-link-hm/work/ipf_plm/ipv6_three_moed_merge/iplatform/board/model_mtk_mt76xx/gplcode/staging_dir/target-mipsel-openwrt-linux-uclibc/usr/include -I/home/tp-link-hm/work/ipf_plm/ipv6_three_moed_merge/iplatform/board/model_mtk_mt76xx/gplcode/staging_dir/target-mipsel-openwrt-linux-uclibc/include -I/home/tp-link-hm/work/ipf_plm/ipv6_three_moed_merge/iplatform/board/model_mtk_mt76xx/gplcode/./toolchain/buildroot-gcc463/usr/mipsel-buildroot-linux-uclibc/sysroot/usr/include/ -I/home/tp-link-hm/work/ipf_plm/ipv6_three_moed_merge/iplatform/board/model_mtk_mt76xx/gplcode/./toolchain/buildroot-gcc463/usr/include  -L/home/tp-link-hm/work/ipf_plm/ipv6_three_moed_merge/iplatform/board/model_mtk_mt76xx/gplcode/staging_dir/target-mipsel-openwrt-linux-uclibc/usr/lib -L/home/tp-link-hm/work/ipf_plm/ipv6_three_moed_merge/iplatform/board/model_mtk_mt76xx/gplcode/staging_dir/target-mipsel-openwrt-linux-uclibc/lib -Wl,-rpath-link,/home/tp-link-hm/work/ipf_plm/ipv6_three_moed_merge/iplatform/board/model_mtk_mt76xx/gplcode/staging_dir/target-mipsel-openwrt-linux-uclibc/usr/lib -L/home/tp-link-hm/work/ipf_plm/ipv6_three_moed_merge/iplatform/board/model_mtk_mt76xx/gplcode/./toolchain/buildroot-gcc463/usr/lib/ -L/home/tp-link-hm/work/ipf_plm/ipv6_three_moed_merge/iplatform/board/model_mtk_mt76xx/gplcode/./toolchain/buildroot-gcc463/usr/mipsel-buildroot-linux-uclibc/sysroot/usr/lib/  conftest.c  >&5
conftest.c:47:6: warning: conflicting types for built-in function 'strdup' [enabled by default]
configure:3619: $? = 0
configure:3619: result: yes
configure:3619: checking for uname
configure:3619: mipsel-buildroot-linux-uclibc-gcc -o conftest   -I/home/tp-link-hm/work/ipf_plm/ipv6_three_moed_merge/iplatform/board/model_mtk_mt76xx/gplcode/staging_dir/target-mipsel-openwrt-linux-uclibc/usr/include -I/home/tp-link-hm/work/ipf_plm/ipv6_three_moed_merge/iplatform/board/model_mtk_mt76xx/gplcode/staging_dir/target-mipsel-openwrt-linux-uclibc/include -I/home/tp-link-hm/work/ipf_plm/ipv6_three_moed_merge/iplatform/board/model_mtk_mt76xx/gplcode/./toolchain/buildroot-gcc463/usr/mipsel-buildroot-linux-uclibc/sysroot/usr/include/ -I/home/tp-link-hm/work/ipf_plm/ipv6_three_moed_merge/iplatform/board/model_mtk_mt76xx/gplcode/./toolchain/buildroot-gcc463/usr/include  -L/home/tp-link-hm/work/ipf_plm/ipv6_three_moed_merge/iplatform/board/model_mtk_mt76xx/gplcode/staging_dir/target-mipsel-openwrt-linux-uclibc/usr/lib -L/home/tp-link-hm/work/ipf_plm/ipv6_three_moed_merge/iplatform/board/model_mtk_mt76xx/gplcode/staging_dir/target-mipsel-openwrt-linux-uclibc/lib -Wl,-rpath-link,/home/tp-link-hm/work/ipf_plm/ipv6_three_moed_merge/iplatform/board/model_mtk_mt76xx/gplcode/staging_dir/target-mipsel-openwrt-linux-uclibc/usr/lib -L/home/tp-link-hm/work/ipf_plm/ipv6_three_moed_merge/iplatform/board/model_mtk_mt76xx/gplcode/./toolchain/buildroot-gcc463/usr/lib/ -L/home/tp-link-hm/work/ipf_plm/ipv6_three_moed_merge/iplatform/board/model_mtk_mt76xx/gplcode/./toolchain/buildroot-gcc463/usr/mipsel-buildroot-linux-uclibc/sysroot/usr/lib/  conftest.c  >&5
configure:3619: $? = 0
configure:3619: result: yes
configure:3631: checking for if_nametoindex
configure:3631: mipsel-buildroot-linux-uclibc-gcc -o conftest   -I/home/tp-link-hm/work/ipf_plm/ipv6_three_moed_merge/iplatform/board/model_mtk_mt76xx/gplcode/staging_dir/target-mipsel-openwrt-linux-uclibc/usr/include -I/home/tp-link-hm/work/ipf_plm/ipv6_three_moed_merge/iplatform/board/model_mtk_mt76xx/gplcode/staging_dir/target-mipsel-openwrt-linux-uclibc/include -I/home/tp-link-hm/work/ipf_plm/ipv6_three_moed_merge/iplatform/board/model_mtk_mt76xx/gplcode/./toolchain/buildroot-gcc463/usr/mipsel-buildroot-linux-uclibc/sysroot/usr/include/ -I/home/tp-link-hm/work/ipf_plm/ipv6_three_moed_merge/iplatform/board/model_mtk_mt76xx/gplcode/./toolchain/buildroot-gcc463/usr/include  -L/home/tp-link-hm/work/ipf_plm/ipv6_three_moed_merge/iplatform/board/model_mtk_mt76xx/gplcode/staging_dir/target-mipsel-openwrt-linux-uclibc/usr/lib -L/home/tp-link-hm/work/ipf_plm/ipv6_three_moed_merge/iplatform/board/model_mtk_mt76xx/gplcode/staging_dir/target-mipsel-openwrt-linux-uclibc/lib -Wl,-rpath-link,/home/tp-link-hm/work/ipf_plm/ipv6_three_moed_merge/iplatform/board/model_mtk_mt76xx/gplcode/staging_dir/target-mipsel-openwrt-linux-uclibc/usr/lib -L/home/tp-link-hm/work/ipf_plm/ipv6_three_moed_merge/iplatform/board/model_mtk_mt76xx/gplcode/./toolchain/buildroot-gcc463/usr/lib/ -L/home/tp-link-hm/work/ipf_plm/ipv6_three_moed_merge/iplatform/board/model_mtk_mt76xx/gplcode/./toolchain/buildroot-gcc463/usr/mipsel-buildroot-linux-uclibc/sysroot/usr/lib/  conftest.c  >&5
configure:3631: $? = 0
configure:3631: result: yes
configure:3631: checking for if_indextoname
configure:3631: mipsel-buildroot-linux-uclibc-gcc -o conftest   -I/home/tp-link-hm/work/ipf_plm/ipv6_three_moed_merge/iplatform/board/model_mtk_mt76xx/gplcode/staging_dir/target-mipsel-openwrt-linux-uclibc/usr/include -I/home/tp-link-hm/work/ipf_plm/ipv6_three_moed_merge/iplatform/board/model_mtk_mt76xx/gplcode/staging_dir/target-mipsel-openwrt-linux-uclibc/include -I/home/tp-link-hm/work/ipf_plm/ipv6_three_moed_merge/iplatform/board/model_mtk_mt76xx/gplcode/./toolchain/buildroot-gcc463/usr/mipsel-buildroot-linux-uclibc/sysroot/usr/include/ -I/home/tp-link-hm/work/ipf_plm/ipv6_three_moed_merge/iplatform/board/model_mtk_mt76xx/gplcode/./toolchain/buildroot-gcc463/usr/include  -L/home/tp-link-hm/work/ipf_plm/ipv6_three_moed_merge/iplatform/board/model_mtk_mt76xx/gplcode/staging_dir/target-mipsel-openwrt-linux-uclibc/usr/lib -L/home/tp-link-hm/work/ipf_plm/ipv6_three_moed_merge/iplatform/board/model_mtk_mt76xx/gplcode/staging_dir/target-mipsel-openwrt-linux-uclibc/lib -Wl,-rpath-link,/home/tp-link-hm/work/ipf_plm/ipv6_three_moed_merge/iplatform/board/model_mtk_mt76xx/gplcode/staging_dir/target-mipsel-openwrt-linux-uclibc/usr/lib -L/home/tp-link-hm/work/ipf_plm/ipv6_three_moed_merge/iplatform/board/model_mtk_mt76xx/gplcode/./toolchain/buildroot-gcc463/usr/lib/ -L/home/tp-link-hm/work/ipf_plm/ipv6_three_moed_merge/iplatform/board/model_mtk_mt76xx/gplcode/./toolchain/buildroot-gcc463/usr/mipsel-buildroot-linux-uclibc/sysroot/usr/lib/  conftest.c  >&5
configure:3631: $? = 0
configure:3631: result: yes
configure:3759: creating ./config.status

## ---------------------- ##
## Running config.status. ##
## ---------------------- ##

This file was extended by bridge-utils config.status 1.5, which was
generated by GNU Autoconf 2.68.  Invocation command line was

  CONFIG_FILES    = 
  CONFIG_HEADERS  = 
  CONFIG_LINKS    = 
  CONFIG_COMMANDS = 
  $ ./config.status 

on tplink-hm

config.status:837: creating doc/Makefile
config.status:940: WARNING:  'doc/Makefile.in' seems to ignore the --datarootdir setting
config.status:837: creating libbridge/Makefile
config.status:837: creating brctl/Makefile
config.status:940: WARNING:  'brctl/Makefile.in' seems to ignore the --datarootdir setting
config.status:837: creating Makefile
config.status:940: WARNING:  'Makefile.in' seems to ignore the --datarootdir setting
config.status:837: creating bridge-utils.spec
config.status:837: creating libbridge/config.h
configure:4935: WARNING: unrecognized options: --disable-nls

## ---------------- ##
## Cache variables. ##
## ---------------- ##

ac_cv_c_bigendian=no
ac_cv_c_compiler_gnu=yes
ac_cv_c_const=yes
ac_cv_c_gettext_without_libintl=yes
ac_cv_c_littleendian=yes
ac_cv_c_long_double=no
ac_cv_conv_longlong_to_float=yes
ac_cv_env_CC_set=set
ac_cv_env_CC_value=mipsel-buildroot-linux-uclibc-gcc
ac_cv_env_CFLAGS_set=set
ac_cv_env_CFLAGS_value=' '
ac_cv_env_CPPFLAGS_set=set
ac_cv_env_CPPFLAGS_value='-I/home/tp-link-hm/work/ipf_plm/ipv6_three_moed_merge/iplatform/board/model_mtk_mt76xx/gplcode/staging_dir/target-mipsel-openwrt-linux-uclibc/usr/include -I/home/tp-link-hm/work/ipf_plm/ipv6_three_moed_merge/iplatform/board/model_mtk_mt76xx/gplcode/staging_dir/target-mipsel-openwrt-linux-uclibc/include -I/home/tp-link-hm/work/ipf_plm/ipv6_three_moed_merge/iplatform/board/model_mtk_mt76xx/gplcode/./toolchain/buildroot-gcc463/usr/mipsel-buildroot-linux-uclibc/sysroot/usr/include/ -I/home/tp-link-hm/work/ipf_plm/ipv6_three_moed_merge/iplatform/board/model_mtk_mt76xx/gplcode/./toolchain/buildroot-gcc463/usr/include '
ac_cv_env_CPP_set=
ac_cv_env_CPP_value=
ac_cv_env_LDFLAGS_set=set
ac_cv_env_LDFLAGS_value='-L/home/tp-link-hm/work/ipf_plm/ipv6_three_moed_merge/iplatform/board/model_mtk_mt76xx/gplcode/staging_dir/target-mipsel-openwrt-linux-uclibc/usr/lib -L/home/tp-link-hm/work/ipf_plm/ipv6_three_moed_merge/iplatform/board/model_mtk_mt76xx/gplcode/staging_dir/target-mipsel-openwrt-linux-uclibc/lib -Wl,-rpath-link,/home/tp-link-hm/work/ipf_plm/ipv6_three_moed_merge/iplatform/board/model_mtk_mt76xx/gplcode/staging_dir/target-mipsel-openwrt-linux-uclibc/usr/lib -L/home/tp-link-hm/work/ipf_plm/ipv6_three_moed_merge/iplatform/board/model_mtk_mt76xx/gplcode/./toolchain/buildroot-gcc463/usr/lib/ -L/home/tp-link-hm/work/ipf_plm/ipv6_three_moed_merge/iplatform/board/model_mtk_mt76xx/gplcode/./toolchain/buildroot-gcc463/usr/mipsel-buildroot-linux-uclibc/sysroot/usr/lib/ '
ac_cv_env_LIBS_set=
ac_cv_env_LIBS_value=
ac_cv_env_build_alias_set=set
ac_cv_env_build_alias_value=i686-linux-gnu
ac_cv_env_host_alias_set=set
ac_cv_env_host_alias_value=mipsel-openwrt-linux-uclibc
ac_cv_env_target_alias_set=set
ac_cv_env_target_alias_value=mipsel-openwrt-linux-uclibc
ac_cv_file__dev_zero=yes
ac_cv_func___adjtimex=yes
ac_cv_func___va_copy=no
ac_cv_func__exit=yes
ac_cv_func_bcmp=yes
ac_cv_func_bcopy=yes
ac_cv_func_bzero=yes
ac_cv_func_cimag=yes
ac_cv_func_creal=yes
ac_cv_func_fchmod=yes
ac_cv_func_getaddrinfo=yes
ac_cv_func_getcwd=yes
ac_cv_func_getdomainname=yes
ac_cv_func_gethostname=yes
ac_cv_func_getpgrp_void=yes
ac_cv_func_getpwuid_r=yes
ac_cv_func_gettimeofday=yes
ac_cv_func_if_indextoname=yes
ac_cv_func_if_nametoindex=yes
ac_cv_func_index=yes
ac_cv_func_lstat=yes
ac_cv_func_lstat_dereferences_slashed_symlink=yes
ac_cv_func_lstat_empty_string_bug=no
ac_cv_func_malloc_0_nonnull=yes
ac_cv_func_malloc_works=yes
ac_cv_func_memcmp_clean=yes
ac_cv_func_memcmp_working=yes
ac_cv_func_posix_getgrgid_r=yes
ac_cv_func_posix_getpwuid_r=yes
ac_cv_func_psignal=yes
ac_cv_func_pthread_key_delete=yes
ac_cv_func_realloc_0_nonnull=yes
ac_cv_func_realloc_works=yes
ac_cv_func_rename=yes
ac_cv_func_rindex=yes
ac_cv_func_setgrent_void=yes
ac_cv_func_setlocale=yes
ac_cv_func_setpgrp_void=yes
ac_cv_func_setresuid=no
ac_cv_func_setvbuf_reversed=no
ac_cv_func_socket=yes
ac_cv_func_stat_empty_string_bug=no
ac_cv_func_stat_ignores_trailing_slash=no
ac_cv_func_strdup=yes
ac_cv_func_strerror=yes
ac_cv_func_strftime=yes
ac_cv_func_uname=yes
ac_cv_func_utimes=yes
ac_cv_func_va_copy=no
ac_cv_func_vsnprintf=yes
ac_cv_have_accrights_in_msghdr=no
ac_cv_have_broken_snprintf=no
ac_cv_have_control_in_msghdr=yes
ac_cv_have_decl_sys_siglist=no
ac_cv_have_openpty_ctty_bug=yes
ac_cv_have_space_d_name_in_struct_dirent=yes
ac_cv_header_inttypes_h=yes
ac_cv_header_memory_h=yes
ac_cv_header_netinet_sctp_h=no
ac_cv_header_netinet_sctp_uio_h=no
ac_cv_header_stdc=yes
ac_cv_header_stdint_h=yes
ac_cv_header_stdlib_h=yes
ac_cv_header_string_h=yes
ac_cv_header_strings_h=yes
ac_cv_header_sys_ioctl_h=yes
ac_cv_header_sys_stat_h=yes
ac_cv_header_sys_time_h=yes
ac_cv_header_sys_types_h=yes
ac_cv_header_time=yes
ac_cv_header_unistd_h=yes
ac_cv_int64_t=yes
ac_cv_lbl_unaligned_fail=no
ac_cv_linux_kernel_pppoe=yes
ac_cv_linux_vers=2
ac_cv_objext=o
ac_cv_pack_bitfields_reversed=yes
ac_cv_path_EGREP='/bin/grep -E'
ac_cv_path_GREP=/bin/grep
ac_cv_path_LDCONFIG=
ac_cv_path_install='/usr/bin/install -c'
ac_cv_prog_CC=mipsel-buildroot-linux-uclibc-gcc
ac_cv_prog_CPP='mipsel-buildroot-linux-uclibc-gcc -E'
ac_cv_prog_RANLIB=mipsel-buildroot-linux-uclibc-ranlib
ac_cv_prog_cc_c89=
ac_cv_prog_cc_g=yes
ac_cv_regexec_segfault_emptystr=no
ac_cv_sctp=no
ac_cv_sizeof___int64=0
ac_cv_sizeof_char=1
ac_cv_sizeof_int16_t=2
ac_cv_sizeof_int32_t=4
ac_cv_sizeof_int64_t=8
ac_cv_sizeof_int=4
ac_cv_sizeof_long=4
ac_cv_sizeof_long_int=4
ac_cv_sizeof_long_long=8
ac_cv_sizeof_off_t=8
ac_cv_sizeof_short=2
ac_cv_sizeof_short_int=2
ac_cv_sizeof_size_t=4
ac_cv_sizeof_ssize_t=4
ac_cv_sizeof_u_int16_t=2
ac_cv_sizeof_u_int32_t=4
ac_cv_sizeof_u_int64_t=8
ac_cv_sizeof_uint16_t=2
ac_cv_sizeof_uint32_t=4
ac_cv_sizeof_uint64_t=8
ac_cv_sizeof_unsigned_int=4
ac_cv_sizeof_unsigned_long=4
ac_cv_sizeof_unsigned_long_long=8
ac_cv_sizeof_unsigned_short=2
ac_cv_sizeof_void_p=4
ac_cv_sys_restartable_syscalls=yes
ac_cv_time_r_type=POSIX
ac_cv_type_suseconds_t=yes
ac_cv_uchar=no
ac_cv_uint64_t=yes
ac_cv_uint=yes
ac_cv_ulong=yes
ac_cv_ushort=yes
ac_cv_va_copy=C99
ac_cv_va_val_copy=yes
as_cv_unaligned_access=yes

## ----------------- ##
## Output variables. ##
## ----------------- ##

CC='mipsel-buildroot-linux-uclibc-gcc'
CFLAGS=' '
CPP='mipsel-buildroot-linux-uclibc-gcc -E'
CPPFLAGS='-I/home/tp-link-hm/work/ipf_plm/ipv6_three_moed_merge/iplatform/board/model_mtk_mt76xx/gplcode/staging_dir/target-mipsel-openwrt-linux-uclibc/usr/include -I/home/tp-link-hm/work/ipf_plm/ipv6_three_moed_merge/iplatform/board/model_mtk_mt76xx/gplcode/staging_dir/target-mipsel-openwrt-linux-uclibc/include -I/home/tp-link-hm/work/ipf_plm/ipv6_three_moed_merge/iplatform/board/model_mtk_mt76xx/gplcode/./toolchain/buildroot-gcc463/usr/mipsel-buildroot-linux-uclibc/sysroot/usr/include/ -I/home/tp-link-hm/work/ipf_plm/ipv6_three_moed_merge/iplatform/board/model_mtk_mt76xx/gplcode/./toolchain/buildroot-gcc463/usr/include '
DEFS='-DHAVE_CONFIG_H'
ECHO_C=''
ECHO_N='-n'
ECHO_T=''
EGREP='/bin/grep -E'
EXEEXT=''
GREP='/bin/grep'
INSTALL_DATA='${INSTALL} -m 644'
INSTALL_PROGRAM='${INSTALL}'
INSTALL_SCRIPT='${INSTALL}'
KERNEL_HEADERS='/home/tp-link-hm/work/ipf_plm/ipv6_three_moed_merge/iplatform/board/model_mtk_mt76xx/gplcode/./sdk/rt288x/linux/kernels/linux-2.6.36.x/'
LDFLAGS='-L/home/tp-link-hm/work/ipf_plm/ipv6_three_moed_merge/iplatform/board/model_mtk_mt76xx/gplcode/staging_dir/target-mipsel-openwrt-linux-uclibc/usr/lib -L/home/tp-link-hm/work/ipf_plm/ipv6_three_moed_merge/iplatform/board/model_mtk_mt76xx/gplcode/staging_dir/target-mipsel-openwrt-linux-uclibc/lib -Wl,-rpath-link,/home/tp-link-hm/work/ipf_plm/ipv6_three_moed_merge/iplatform/board/model_mtk_mt76xx/gplcode/staging_dir/target-mipsel-openwrt-linux-uclibc/usr/lib -L/home/tp-link-hm/work/ipf_plm/ipv6_three_moed_merge/iplatform/board/model_mtk_mt76xx/gplcode/./toolchain/buildroot-gcc463/usr/lib/ -L/home/tp-link-hm/work/ipf_plm/ipv6_three_moed_merge/iplatform/board/model_mtk_mt76xx/gplcode/./toolchain/buildroot-gcc463/usr/mipsel-buildroot-linux-uclibc/sysroot/usr/lib/ '
LIBOBJS=''
LIBS=''
LTLIBOBJS=''
OBJEXT='o'
PACKAGE_BUGREPORT=''
PACKAGE_NAME='bridge-utils'
PACKAGE_STRING='bridge-utils 1.5'
PACKAGE_TARNAME='bridge-utils'
PACKAGE_URL=''
PACKAGE_VERSION='1.5'
PATH_SEPARATOR=':'
RANLIB='mipsel-buildroot-linux-uclibc-ranlib'
SHELL='/bin/sh'
ac_ct_CC=''
bindir='/usr/bin'
build_alias='i686-linux-gnu'
datadir='/usr/share'
datarootdir='${prefix}/share'
docdir='${datarootdir}/doc/${PACKAGE_TARNAME}'
dvidir='${docdir}'
exec_prefix='/usr'
host_alias='mipsel-openwrt-linux-uclibc'
htmldir='${docdir}'
includedir='${prefix}/include'
infodir='/usr/info'
libdir='${exec_prefix}/lib'
libexecdir='/usr/lib'
localedir='${datarootdir}/locale'
localstatedir='/var'
mandir='/usr/man'
oldincludedir='/usr/include'
pdfdir='${docdir}'
prefix='/usr'
program_transform_name='s,x,x,'
psdir='${docdir}'
sbindir='/usr/sbin'
sharedstatedir='${prefix}/com'
sysconfdir='/etc'
target_alias='mipsel-openwrt-linux-uclibc'

## ----------- ##
## confdefs.h. ##
## ----------- ##

/* confdefs.h */
#define PACKAGE_NAME "bridge-utils"
#define PACKAGE_TARNAME "bridge-utils"
#define PACKAGE_VERSION "1.5"
#define PACKAGE_STRING "bridge-utils 1.5"
#define PACKAGE_BUGREPORT ""
#define PACKAGE_URL ""
#define STDC_HEADERS 1
#define HAVE_SYS_TYPES_H 1
#define HAVE_SYS_STAT_H 1
#define HAVE_STDLIB_H 1
#define HAVE_STRING_H 1
#define HAVE_MEMORY_H 1
#define HAVE_STRINGS_H 1
#define HAVE_INTTYPES_H 1
#define HAVE_STDINT_H 1
#define HAVE_UNISTD_H 1
#define HAVE_SYS_IOCTL_H 1
#define HAVE_SYS_TIME_H 1
#define TIME_WITH_SYS_TIME 1
#define HAVE_GETHOSTNAME 1
#define HAVE_SOCKET 1
#define HAVE_STRDUP 1
#define HAVE_UNAME 1
#define HAVE_IF_NAMETOINDEX 1
#define HAVE_IF_INDEXTONAME 1

configure: exit 0
