This file contains any messages produced by compilers while
running configure, to aid debugging if configure makes a mistake.

It was created by GNU Autoconf configure 2.68, which was
generated by GNU Autoconf 2.68.  Invocation command line was

  $ ./configure CC=gcc CFLAGS=-O2 -I/home/tp-link-hm/work/ipf_plm/ipv6_three_moed_merge/iplatform/board/model_mtk_mt76xx/gplcode/staging_dir/host/include CPPFLAGS=-I/home/tp-link-hm/work/ipf_plm/ipv6_three_moed_merge/iplatform/board/model_mtk_mt76xx/gplcode/staging_dir/host/include LDFLAGS=-L/home/tp-link-hm/work/ipf_plm/ipv6_three_moed_merge/iplatform/board/model_mtk_mt76xx/gplcode/staging_dir/host/lib SHELL=/bin/bash --target=i686-linux-gnu --host=i686-linux-gnu --build=i686-linux-gnu --program-prefix= --program-suffix= --prefix=/home/tp-link-hm/work/ipf_plm/ipv6_three_moed_merge/iplatform/board/model_mtk_mt76xx/gplcode/staging_dir/host --exec-prefix=/home/tp-link-hm/work/ipf_plm/ipv6_three_moed_merge/iplatform/board/model_mtk_mt76xx/gplcode/staging_dir/host --sysconfdir=/home/tp-link-hm/work/ipf_plm/ipv6_three_moed_merge/iplatform/board/model_mtk_mt76xx/gplcode/staging_dir/host/etc --localstatedir=/home/tp-link-hm/work/ipf_plm/ipv6_three_moed_merge/iplatform/board/model_mtk_mt76xx/gplcode/staging_dir/host/var --sbindir=/home/tp-link-hm/work/ipf_plm/ipv6_three_moed_merge/iplatform/board/model_mtk_mt76xx/gplcode/staging_dir/host/bin --datarootdir=/home/tp-link-hm/work/ipf_plm/ipv6_three_moed_merge/iplatform/board/model_mtk_mt76xx/gplcode/staging_dir/host/share

## --------- ##
## Platform. ##
## --------- ##

hostname = tplink-hm
uname -m = i686
uname -r = 3.2.0-105-generic-pae
uname -s = Linux
uname -v = #146-Ubuntu SMP Fri Jun 10 20:58:31 UTC 2016

/usr/bin/uname -p = unknown
/bin/uname -X     = unknown

/bin/arch              = i686
/usr/bin/arch -k       = unknown
/usr/convex/getsysinfo = unknown
/usr/bin/hostinfo      = unknown
/bin/machine           = unknown
/usr/bin/oslevel       = unknown
/bin/universe          = unknown

PATH: /home/tp-link-hm/work/ipf_plm/ipv6_three_moed_merge/iplatform/board/model_mtk_mt76xx/gplcode/staging_dir/toolchain-mipsel-openwrt-linux-uclibc/bin
PATH: /home/tp-link-hm/work/ipf_plm/ipv6_three_moed_merge/iplatform/board/model_mtk_mt76xx/gplcode/staging_dir/host/bin
PATH: /home/tp-link-hm/work/ipf_plm/ipv6_three_moed_merge/iplatform/board/model_mtk_mt76xx/gplcode/staging_dir/toolchain-mipsel-openwrt-linux-uclibc/bin
PATH: /home/tp-link-hm/work/ipf_plm/ipv6_three_moed_merge/iplatform/board/model_mtk_mt76xx/gplcode/staging_dir/host/bin
PATH: /home/tp-link-hm/work/ipf_plm/ipv6_three_moed_merge/iplatform/board/model_mtk_mt76xx/gplcode/staging_dir/toolchain-mipsel-openwrt-linux-uclibc/bin
PATH: /home/tp-link-hm/work/ipf_plm/ipv6_three_moed_merge/iplatform/board/model_mtk_mt76xx/gplcode/staging_dir/host/bin
PATH: /usr/local/sbin
PATH: /usr/local/bin
PATH: /usr/sbin
PATH: /usr/bin
PATH: /sbin
PATH: /bin
PATH: /usr/games
PATH: /home/tp-link-hm/work/ipf_plm/ipv6_three_moed_merge/iplatform/board/model_mtk_mt76xx/gplcode/./toolchain/buildroot-gcc463/usr/bin
PATH: /home/tp-link-hm/work/ipf_plm/ipv6_three_moed_merge/iplatform/board/model_mtk_mt76xx/gplcode/./toolchain/buildroot-gcc463/usr/bin
PATH: /home/tp-link-hm/work/ipf_plm/ipv6_three_moed_merge/iplatform/board/model_mtk_mt76xx/gplcode/./toolchain/buildroot-gcc463/usr/bin


## ----------- ##
## Core tests. ##
## ----------- ##

configure:1778: checking for a BSD-compatible install
configure:1846: result: /usr/bin/install -c
configure:1857: checking whether build environment is sane
configure:1907: result: yes
configure:2048: checking for a thread-safe mkdir -p
configure:2087: result: /bin/mkdir -p
configure:2100: checking for gawk
configure:2116: found /usr/bin/gawk
configure:2127: result: gawk
configure:2138: checking whether make sets $(MAKE)
configure:2160: result: yes
configure:2245: checking build system type
configure:2259: result: i686-pc-linux-gnu
configure:2279: checking host system type
configure:2292: result: i686-pc-linux-gnu
configure:2319: autobuild project... GNU Autoconf
configure:2325: autobuild revision... 2.68
configure:2330: autobuild hostname... tplink-hm
configure:2341: autobuild timestamp... 20170718T030433Z
configure:2369: checking whether /bin/sh -n is known to work
configure:2388: result: yes
configure:2392: checking for characters that cannot appear in file names
configure:2412: result: none
configure:2418: checking whether directories can have trailing spaces
configure:2432: result: yes
configure:2443: checking for expr
configure:2461: found /usr/bin/expr
configure:2473: result: /usr/bin/expr
configure:2492: checking for GNU M4 that supports accurate traces
configure:2534: result: /home/tp-link-hm/work/ipf_plm/ipv6_three_moed_merge/iplatform/board/model_mtk_mt76xx/gplcode/staging_dir/host/bin/m4
configure:2537: checking whether /home/tp-link-hm/work/ipf_plm/ipv6_three_moed_merge/iplatform/board/model_mtk_mt76xx/gplcode/staging_dir/host/bin/m4 accepts --gnu
configure:2547: result: yes
configure:2564: checking how m4 supports trace files
configure:2574: result: --debugfile
configure:2598: checking for perl
configure:2616: found /usr/bin/perl
configure:2629: result: /usr/bin/perl
configure:2648: checking whether /usr/bin/perl Fcntl::flock is implemented
configure:2662: result: yes
configure:2680: checking for emacs
configure:2696: found /usr/bin/emacs
configure:2707: result: emacs
configure:2725: checking whether emacs is sufficiently recent
configure:2735: $TEST_EMACS -batch -q -f batch-byte-compile conftest.el 1>&2
Loading 00debian-vars...
Loading /etc/emacs/site-start.d/50autoconf.el (source)...
Loading /etc/emacs/site-start.d/50devhelp.el (source)...
Loading /etc/emacs/site-start.d/50dictionaries-common.el (source)...
Loading debian-ispell...
Loading /var/cache/dictionaries-common/emacsen-ispell-default.el (source)...
Loading /var/cache/dictionaries-common/emacsen-ispell-dicts.el (source)...
Loading /etc/emacs/site-start.d/50gettext.el (source)...
Loading /etc/emacs/site-start.d/50psvn.el (source)...

In broken-mode:
conftest.el:2:35:Warning: assignment to free variable `broken-defaults'
Wrote /home/tp-link-hm/work/ipf_plm/ipv6_three_moed_merge/iplatform/board/model_mtk_mt76xx/gplcode/build_dir/host/autoconf-2.68/conftest.elc
configure:2738: $? = 0
configure:2746: result: yes
configure:2763: checking for emacs
configure:2790: result: emacs
configure:2814: checking where .elc files should go
configure:2827: $EMACS -batch -q -eval '(while load-path (princ (concat (car load-path) "\n")) (setq load-path (cdr load-path)))' </dev/null >conftest.out
Loading 00debian-vars...
Loading /etc/emacs/site-start.d/50autoconf.el (source)...
Loading /etc/emacs/site-start.d/50devhelp.el (source)...
Loading /etc/emacs/site-start.d/50dictionaries-common.el (source)...
Loading debian-ispell...
Loading /var/cache/dictionaries-common/emacsen-ispell-default.el (source)...
Loading /var/cache/dictionaries-common/emacsen-ispell-dicts.el (source)...
Loading /etc/emacs/site-start.d/50gettext.el (source)...
Loading /etc/emacs/site-start.d/50psvn.el (source)...
configure:2830: $? = 0
configure:2843: result: ${datarootdir}/emacs/site-lisp
configure:2856: checking for grep that handles long lines and -e
configure:2914: result: /bin/grep
configure:2919: checking for egrep
configure:2981: result: /bin/grep -E
configure:2986: checking for a sed that does not truncate output
configure:3050: result: /home/tp-link-hm/work/ipf_plm/ipv6_three_moed_merge/iplatform/board/model_mtk_mt76xx/gplcode/staging_dir/host/bin/sed
configure:3060: checking whether make is case sensitive
configure:3075: result: yes
configure:3254: creating ./config.status

## ---------------------- ##
## Running config.status. ##
## ---------------------- ##

This file was extended by GNU Autoconf config.status 2.68, which was
generated by GNU Autoconf 2.68.  Invocation command line was

  CONFIG_FILES    = 
  CONFIG_HEADERS  = 
  CONFIG_LINKS    = 
  CONFIG_COMMANDS = 
  $ ./config.status 

on tplink-hm

config.status:817: creating tests/Makefile
config.status:817: creating tests/atlocal
config.status:817: creating man/Makefile
config.status:817: creating lib/emacs/Makefile
config.status:817: creating Makefile
config.status:817: creating doc/Makefile
config.status:817: creating lib/Makefile
config.status:817: creating lib/Autom4te/Makefile
config.status:817: creating lib/autoscan/Makefile
config.status:817: creating lib/m4sugar/Makefile
config.status:817: creating lib/autoconf/Makefile
config.status:817: creating lib/autotest/Makefile
config.status:817: creating bin/Makefile
config.status:1020: executing tests/atconfig commands

## ---------------- ##
## Cache variables. ##
## ---------------- ##

ac_cv_build=i686-pc-linux-gnu
ac_cv_dir_trailing_space=yes
ac_cv_env_EMACSLOADPATH_set=
ac_cv_env_EMACSLOADPATH_value=
ac_cv_env_EMACS_set=
ac_cv_env_EMACS_value=
ac_cv_env_M4_set=
ac_cv_env_M4_value=
ac_cv_env_build_alias_set=set
ac_cv_env_build_alias_value=i686-linux-gnu
ac_cv_env_host_alias_set=set
ac_cv_env_host_alias_value=i686-linux-gnu
ac_cv_env_target_alias_set=set
ac_cv_env_target_alias_value=i686-linux-gnu
ac_cv_host=i686-pc-linux-gnu
ac_cv_path_EGREP='/bin/grep -E'
ac_cv_path_EXPR=/usr/bin/expr
ac_cv_path_GREP=/bin/grep
ac_cv_path_M4=/home/tp-link-hm/work/ipf_plm/ipv6_three_moed_merge/iplatform/board/model_mtk_mt76xx/gplcode/staging_dir/host/bin/m4
ac_cv_path_PERL=/usr/bin/perl
ac_cv_path_SED=/home/tp-link-hm/work/ipf_plm/ipv6_three_moed_merge/iplatform/board/model_mtk_mt76xx/gplcode/staging_dir/host/bin/sed
ac_cv_path_install='/usr/bin/install -c'
ac_cv_path_mkdir=/bin/mkdir
ac_cv_perl_flock_implemented=yes
ac_cv_prog_AWK=gawk
ac_cv_prog_EMACS=emacs
ac_cv_prog_TEST_EMACS=emacs
ac_cv_prog_emacs_ok=yes
ac_cv_prog_gnu_m4_debugfile=--debugfile
ac_cv_prog_gnu_m4_gnu=yes
ac_cv_prog_make_make_case=yes
ac_cv_prog_make_make_set=yes
ac_cv_sh_n_works=yes
ac_cv_unsupported_fs_chars=
am_cv_lispdir='${datarootdir}/emacs/site-lisp'

## ----------------- ##
## Output variables. ##
## ----------------- ##

ACLOCAL='${SHELL} /home/tp-link-hm/work/ipf_plm/ipv6_three_moed_merge/iplatform/board/model_mtk_mt76xx/gplcode/build_dir/host/autoconf-2.68/build-aux/missing --run aclocal-1.11'
AMTAR='${SHELL} /home/tp-link-hm/work/ipf_plm/ipv6_three_moed_merge/iplatform/board/model_mtk_mt76xx/gplcode/build_dir/host/autoconf-2.68/build-aux/missing --run tar'
AUTOCONF='${SHELL} /home/tp-link-hm/work/ipf_plm/ipv6_three_moed_merge/iplatform/board/model_mtk_mt76xx/gplcode/build_dir/host/autoconf-2.68/build-aux/missing --run autoconf'
AUTOHEADER='${SHELL} /home/tp-link-hm/work/ipf_plm/ipv6_three_moed_merge/iplatform/board/model_mtk_mt76xx/gplcode/build_dir/host/autoconf-2.68/build-aux/missing --run autoheader'
AUTOMAKE='${SHELL} /home/tp-link-hm/work/ipf_plm/ipv6_three_moed_merge/iplatform/board/model_mtk_mt76xx/gplcode/build_dir/host/autoconf-2.68/build-aux/missing --run automake-1.11'
AWK='gawk'
CYGPATH_W='echo'
DEFS='-DPACKAGE_NAME=\"GNU\ Autoconf\" -DPACKAGE_TARNAME=\"autoconf\" -DPACKAGE_VERSION=\"2.68\" -DPACKAGE_STRING=\"GNU\ Autoconf\ 2.68\" -DPACKAGE_BUGREPORT=\"bug-autoconf@gnu.org\" -DPACKAGE_URL=\"http://www.gnu.org/software/autoconf/\" -DPACKAGE=\"autoconf\" -DVERSION=\"2.68\"'
ECHO_C=''
ECHO_N='-n'
ECHO_T=''
EGREP='/bin/grep -E'
EMACS='emacs'
EMACSLOADPATH=''
EXPR='/usr/bin/expr'
GREP='/bin/grep'
HELP2MAN='${SHELL} /home/tp-link-hm/work/ipf_plm/ipv6_three_moed_merge/iplatform/board/model_mtk_mt76xx/gplcode/build_dir/host/autoconf-2.68/build-aux/missing --run help2man'
INSTALL_DATA='${INSTALL} -m 644'
INSTALL_PROGRAM='${INSTALL}'
INSTALL_SCRIPT='${INSTALL}'
INSTALL_STRIP_PROGRAM='$(install_sh) -c -s'
LIBOBJS=''
LIBS=''
LTLIBOBJS=''
M4='/home/tp-link-hm/work/ipf_plm/ipv6_three_moed_merge/iplatform/board/model_mtk_mt76xx/gplcode/staging_dir/host/bin/m4'
M4_DEBUGFILE='--debugfile'
M4_GNU='--gnu'
MAKEINFO='${SHELL} /home/tp-link-hm/work/ipf_plm/ipv6_three_moed_merge/iplatform/board/model_mtk_mt76xx/gplcode/build_dir/host/autoconf-2.68/build-aux/missing --run makeinfo'
MAKE_CASE_SENSITIVE_FALSE='#'
MAKE_CASE_SENSITIVE_TRUE=''
MKDIR_P='/bin/mkdir -p'
PACKAGE='autoconf'
PACKAGE_BUGREPORT='bug-autoconf@gnu.org'
PACKAGE_NAME='GNU Autoconf'
PACKAGE_STRING='GNU Autoconf 2.68'
PACKAGE_TARNAME='autoconf'
PACKAGE_URL='http://www.gnu.org/software/autoconf/'
PACKAGE_VERSION='2.68'
PATH_SEPARATOR=':'
PERL='/usr/bin/perl'
PERL_FLOCK='yes'
SED='/home/tp-link-hm/work/ipf_plm/ipv6_three_moed_merge/iplatform/board/model_mtk_mt76xx/gplcode/staging_dir/host/bin/sed'
SET_MAKE=''
SHELL='/bin/bash'
STRIP=''
TEST_EMACS='emacs'
VERSION='2.68'
ac_cv_dir_trailing_space='yes'
ac_cv_sh_n_works='yes'
ac_cv_unsupported_fs_chars=''
am__isrc=''
am__leading_dot='.'
am__tar='${AMTAR} chof - "$$tardir"'
am__untar='${AMTAR} xf -'
bindir='${exec_prefix}/bin'
build='i686-pc-linux-gnu'
build_alias='i686-linux-gnu'
build_cpu='i686'
build_os='linux-gnu'
build_vendor='pc'
datadir='${datarootdir}'
datarootdir='/home/tp-link-hm/work/ipf_plm/ipv6_three_moed_merge/iplatform/board/model_mtk_mt76xx/gplcode/staging_dir/host/share'
docdir='${datarootdir}/doc/${PACKAGE_TARNAME}'
dvidir='${docdir}'
exec_prefix='/home/tp-link-hm/work/ipf_plm/ipv6_three_moed_merge/iplatform/board/model_mtk_mt76xx/gplcode/staging_dir/host'
host='i686-pc-linux-gnu'
host_alias='i686-linux-gnu'
host_cpu='i686'
host_os='linux-gnu'
host_vendor='pc'
htmldir='${docdir}'
includedir='${prefix}/include'
infodir='${datarootdir}/info'
install_sh='${SHELL} /home/tp-link-hm/work/ipf_plm/ipv6_three_moed_merge/iplatform/board/model_mtk_mt76xx/gplcode/build_dir/host/autoconf-2.68/build-aux/install-sh'
libdir='${exec_prefix}/lib'
libexecdir='${exec_prefix}/libexec'
lispdir='${datarootdir}/emacs/site-lisp'
localedir='${datarootdir}/locale'
localstatedir='/home/tp-link-hm/work/ipf_plm/ipv6_three_moed_merge/iplatform/board/model_mtk_mt76xx/gplcode/staging_dir/host/var'
mandir='${datarootdir}/man'
mkdir_p='/bin/mkdir -p'
oldincludedir='/usr/include'
pdfdir='${docdir}'
prefix='/home/tp-link-hm/work/ipf_plm/ipv6_three_moed_merge/iplatform/board/model_mtk_mt76xx/gplcode/staging_dir/host'
program_transform_name='s&$$&&;s&^&&'
psdir='${docdir}'
sbindir='/home/tp-link-hm/work/ipf_plm/ipv6_three_moed_merge/iplatform/board/model_mtk_mt76xx/gplcode/staging_dir/host/bin'
sharedstatedir='${prefix}/com'
sysconfdir='/home/tp-link-hm/work/ipf_plm/ipv6_three_moed_merge/iplatform/board/model_mtk_mt76xx/gplcode/staging_dir/host/etc'
target_alias='i686-linux-gnu'

## ----------- ##
## confdefs.h. ##
## ----------- ##

/* confdefs.h */
#define PACKAGE_NAME "GNU Autoconf"
#define PACKAGE_TARNAME "autoconf"
#define PACKAGE_VERSION "2.68"
#define PACKAGE_STRING "GNU Autoconf 2.68"
#define PACKAGE_BUGREPORT "bug-autoconf@gnu.org"
#define PACKAGE_URL "http://www.gnu.org/software/autoconf/"
#define PACKAGE "autoconf"
#define VERSION "2.68"

configure: exit 0
