This file contains any messages produced by compilers while
running configure, to aid debugging if configure makes a mistake.

It was created by mm-common configure 0.9.5, which was
generated by GNU Autoconf 2.67.  Invocation command line was

  $ ./configure CC=gcc CFLAGS=-O2 -I/home/tp-link-hm/work/ipf_plm/ipv6_three_moed_merge/iplatform/board/model_mtk_mt76xx/gplcode/staging_dir/host/include CPPFLAGS=-I/home/tp-link-hm/work/ipf_plm/ipv6_three_moed_merge/iplatform/board/model_mtk_mt76xx/gplcode/staging_dir/host/include LDFLAGS=-L/home/tp-link-hm/work/ipf_plm/ipv6_three_moed_merge/iplatform/board/model_mtk_mt76xx/gplcode/staging_dir/host/lib SHELL=/bin/bash --target=i686-linux-gnu --host=i686-linux-gnu --build=i686-linux-gnu --program-prefix= --program-suffix= --prefix=/home/tp-link-hm/work/ipf_plm/ipv6_three_moed_merge/iplatform/board/model_mtk_mt76xx/gplcode/staging_dir/host --exec-prefix=/home/tp-link-hm/work/ipf_plm/ipv6_three_moed_merge/iplatform/board/model_mtk_mt76xx/gplcode/staging_dir/host --sysconfdir=/home/tp-link-hm/work/ipf_plm/ipv6_three_moed_merge/iplatform/board/model_mtk_mt76xx/gplcode/staging_dir/host/etc --localstatedir=/home/tp-link-hm/work/ipf_plm/ipv6_three_moed_merge/iplatform/board/model_mtk_mt76xx/gplcode/staging_dir/host/var --sbindir=/home/tp-link-hm/work/ipf_plm/ipv6_three_moed_merge/iplatform/board/model_mtk_mt76xx/gplcode/staging_dir/host/bin

## --------- ##
## Platform. ##
## --------- ##

hostname = tplink-hm
uname -m = i686
uname -r = 3.2.0-105-generic-pae
uname -s = Linux
uname -v = #146-Ubuntu SMP Fri Jun 10 20:58:31 UTC 2016

/usr/bin/uname -p = unknown
/bin/uname -X     = unknown

/bin/arch              = i686
/usr/bin/arch -k       = unknown
/usr/convex/getsysinfo = unknown
/usr/bin/hostinfo      = unknown
/bin/machine           = unknown
/usr/bin/oslevel       = unknown
/bin/universe          = unknown

PATH: /home/tp-link-hm/work/ipf_plm/ipv6_three_moed_merge/iplatform/board/model_mtk_mt76xx/gplcode/staging_dir/toolchain-mipsel-openwrt-linux-uclibc/bin
PATH: /home/tp-link-hm/work/ipf_plm/ipv6_three_moed_merge/iplatform/board/model_mtk_mt76xx/gplcode/staging_dir/host/bin
PATH: /home/tp-link-hm/work/ipf_plm/ipv6_three_moed_merge/iplatform/board/model_mtk_mt76xx/gplcode/staging_dir/toolchain-mipsel-openwrt-linux-uclibc/bin
PATH: /home/tp-link-hm/work/ipf_plm/ipv6_three_moed_merge/iplatform/board/model_mtk_mt76xx/gplcode/staging_dir/host/bin
PATH: /home/tp-link-hm/work/ipf_plm/ipv6_three_moed_merge/iplatform/board/model_mtk_mt76xx/gplcode/staging_dir/toolchain-mipsel-openwrt-linux-uclibc/bin
PATH: /home/tp-link-hm/work/ipf_plm/ipv6_three_moed_merge/iplatform/board/model_mtk_mt76xx/gplcode/staging_dir/host/bin
PATH: /usr/local/sbin
PATH: /usr/local/bin
PATH: /usr/sbin
PATH: /usr/bin
PATH: /sbin
PATH: /bin
PATH: /usr/games
PATH: /home/tp-link-hm/work/ipf_plm/ipv6_three_moed_merge/iplatform/board/model_mtk_mt76xx/gplcode/./toolchain/buildroot-gcc463/usr/bin
PATH: /home/tp-link-hm/work/ipf_plm/ipv6_three_moed_merge/iplatform/board/model_mtk_mt76xx/gplcode/./toolchain/buildroot-gcc463/usr/bin
PATH: /home/tp-link-hm/work/ipf_plm/ipv6_three_moed_merge/iplatform/board/model_mtk_mt76xx/gplcode/./toolchain/buildroot-gcc463/usr/bin


## ----------- ##
## Core tests. ##
## ----------- ##

configure:1748: checking for a BSD-compatible install
configure:1816: result: /usr/bin/install -c
configure:1827: checking whether build environment is sane
configure:1864: result: yes
configure:1991: checking for a thread-safe mkdir -p
configure:2030: result: /bin/mkdir -p
configure:2043: checking for gawk
configure:2059: found /usr/bin/gawk
configure:2070: result: gawk
configure:2081: checking whether make sets $(MAKE)
configure:2103: result: yes
configure:2175: checking whether to enable maintainer-specific portions of Makefiles
configure:2184: result: no
configure:2202: checking for a sed that does not truncate output
configure:2266: result: /home/tp-link-hm/work/ipf_plm/ipv6_three_moed_merge/iplatform/board/model_mtk_mt76xx/gplcode/staging_dir/host/bin/sed
configure:2273: checking for curl
configure:2303: result: no
configure:2310: checking for wget
configure:2326: found /usr/bin/wget
configure:2337: result: wget
configure:2498: creating ./config.status

## ---------------------- ##
## Running config.status. ##
## ---------------------- ##

This file was extended by mm-common config.status 0.9.5, which was
generated by GNU Autoconf 2.67.  Invocation command line was

  CONFIG_FILES    = 
  CONFIG_HEADERS  = 
  CONFIG_LINKS    = 
  CONFIG_COMMANDS = 
  $ ./config.status 

on tplink-hm

config.status:766: creating Makefile
config.status:766: creating doctags/mm-common-libstdc++.pc
config.status:766: creating doctags/mm-common-libstdc++-uninstalled.pc
config.status:766: creating macros/mm-common.m4
config.status:766: creating util/mm-common-util.pc
config.status:766: creating util/mm-common-prepare

## ---------------- ##
## Cache variables. ##
## ---------------- ##

ac_cv_env_ACLOCAL_FLAGS_set=
ac_cv_env_ACLOCAL_FLAGS_value=
ac_cv_env_CURL_set=
ac_cv_env_CURL_value=
ac_cv_env_WGET_set=
ac_cv_env_WGET_value=
ac_cv_env_build_alias_set=set
ac_cv_env_build_alias_value=i686-linux-gnu
ac_cv_env_host_alias_set=set
ac_cv_env_host_alias_value=i686-linux-gnu
ac_cv_env_target_alias_set=set
ac_cv_env_target_alias_value=i686-linux-gnu
ac_cv_path_SED=/home/tp-link-hm/work/ipf_plm/ipv6_three_moed_merge/iplatform/board/model_mtk_mt76xx/gplcode/staging_dir/host/bin/sed
ac_cv_path_install='/usr/bin/install -c'
ac_cv_path_mkdir=/bin/mkdir
ac_cv_prog_AWK=gawk
ac_cv_prog_WGET=wget
ac_cv_prog_make_make_set=yes

## ----------------- ##
## Output variables. ##
## ----------------- ##

ACLOCAL='${SHELL} /home/tp-link-hm/work/ipf_plm/ipv6_three_moed_merge/iplatform/board/model_mtk_mt76xx/gplcode/build_dir/host/mm-common-0.9.5/missing --run aclocal-1.10'
ACLOCAL_FLAGS=''
AMTAR='${SHELL} /home/tp-link-hm/work/ipf_plm/ipv6_three_moed_merge/iplatform/board/model_mtk_mt76xx/gplcode/build_dir/host/mm-common-0.9.5/missing --run tar'
AUTOCONF='${SHELL} /home/tp-link-hm/work/ipf_plm/ipv6_three_moed_merge/iplatform/board/model_mtk_mt76xx/gplcode/build_dir/host/mm-common-0.9.5/missing --run autoconf'
AUTOHEADER='${SHELL} /home/tp-link-hm/work/ipf_plm/ipv6_three_moed_merge/iplatform/board/model_mtk_mt76xx/gplcode/build_dir/host/mm-common-0.9.5/missing --run autoheader'
AUTOMAKE='${SHELL} /home/tp-link-hm/work/ipf_plm/ipv6_three_moed_merge/iplatform/board/model_mtk_mt76xx/gplcode/build_dir/host/mm-common-0.9.5/missing --run automake-1.10'
AWK='gawk'
CURL=''
CYGPATH_W='echo'
DEFS='-DPACKAGE_NAME=\"mm-common\" -DPACKAGE_TARNAME=\"mm-common\" -DPACKAGE_VERSION=\"0.9.5\" -DPACKAGE_STRING=\"mm-common\ 0.9.5\" -DPACKAGE_BUGREPORT=\"https://bugzilla.gnome.org/enter_bug.cgi\?product=mm-common\" -DPACKAGE_URL=\"http://www.gtkmm.org/\"'
ECHO_C=''
ECHO_N='-n'
ECHO_T=''
INSTALL_DATA='${INSTALL} -m 644'
INSTALL_PROGRAM='${INSTALL}'
INSTALL_SCRIPT='${INSTALL}'
INSTALL_STRIP_PROGRAM='$(install_sh) -c -s'
LIBOBJS=''
LIBS=''
LTLIBOBJS=''
MAINT='#'
MAINTAINER_MODE_FALSE=''
MAINTAINER_MODE_TRUE='#'
MAKEINFO='${SHELL} /home/tp-link-hm/work/ipf_plm/ipv6_three_moed_merge/iplatform/board/model_mtk_mt76xx/gplcode/build_dir/host/mm-common-0.9.5/missing --run makeinfo'
MKDIR_P='/bin/mkdir -p'
PACKAGE='mm-common'
PACKAGE_BUGREPORT='https://bugzilla.gnome.org/enter_bug.cgi?product=mm-common'
PACKAGE_NAME='mm-common'
PACKAGE_STRING='mm-common 0.9.5'
PACKAGE_TARNAME='mm-common'
PACKAGE_URL='http://www.gtkmm.org/'
PACKAGE_VERSION='0.9.5'
PATH_SEPARATOR=':'
SED='/home/tp-link-hm/work/ipf_plm/ipv6_three_moed_merge/iplatform/board/model_mtk_mt76xx/gplcode/staging_dir/host/bin/sed'
SET_MAKE=''
SHELL='/bin/bash'
STRIP=''
VERSION='0.9.5'
WGET='wget'
am__isrc=''
am__leading_dot='.'
am__tar='${AMTAR} chof - "$$tardir"'
am__untar='${AMTAR} xf -'
bindir='${exec_prefix}/bin'
build_alias='i686-linux-gnu'
datadir='${datarootdir}'
datarootdir='${prefix}/share'
docdir='${datarootdir}/doc/${PACKAGE_TARNAME}'
dvidir='${docdir}'
exec_prefix='/home/tp-link-hm/work/ipf_plm/ipv6_three_moed_merge/iplatform/board/model_mtk_mt76xx/gplcode/staging_dir/host'
host_alias='i686-linux-gnu'
htmldir='${docdir}'
includedir='${prefix}/include'
infodir='${datarootdir}/info'
install_sh='$(SHELL) /home/tp-link-hm/work/ipf_plm/ipv6_three_moed_merge/iplatform/board/model_mtk_mt76xx/gplcode/build_dir/host/mm-common-0.9.5/install-sh'
libdir='${exec_prefix}/lib'
libexecdir='${exec_prefix}/libexec'
localedir='${datarootdir}/locale'
localstatedir='/home/tp-link-hm/work/ipf_plm/ipv6_three_moed_merge/iplatform/board/model_mtk_mt76xx/gplcode/staging_dir/host/var'
mandir='${datarootdir}/man'
mkdir_p='/bin/mkdir -p'
oldincludedir='/usr/include'
pdfdir='${docdir}'
prefix='/home/tp-link-hm/work/ipf_plm/ipv6_three_moed_merge/iplatform/board/model_mtk_mt76xx/gplcode/staging_dir/host'
program_transform_name='s&$$&&;s&^&&'
psdir='${docdir}'
sbindir='/home/tp-link-hm/work/ipf_plm/ipv6_three_moed_merge/iplatform/board/model_mtk_mt76xx/gplcode/staging_dir/host/bin'
sharedstatedir='${prefix}/com'
sysconfdir='/home/tp-link-hm/work/ipf_plm/ipv6_three_moed_merge/iplatform/board/model_mtk_mt76xx/gplcode/staging_dir/host/etc'
target_alias='i686-linux-gnu'

## ----------- ##
## confdefs.h. ##
## ----------- ##

/* confdefs.h */
#define PACKAGE_NAME "mm-common"
#define PACKAGE_TARNAME "mm-common"
#define PACKAGE_VERSION "0.9.5"
#define PACKAGE_STRING "mm-common 0.9.5"
#define PACKAGE_BUGREPORT "https://bugzilla.gnome.org/enter_bug.cgi?product=mm-common"
#define PACKAGE_URL "http://www.gtkmm.org/"

configure: exit 0
